13-Oct-2018 16:11:19.669 信息 [main] org.apache.catalina.startup.VersionLoggerListener.log Server version:        Apache Tomcat/8.5.24
13-Oct-2018 16:11:19.674 信息 [main] org.apache.catalina.startup.VersionLoggerListener.log Server built:          Nov 27 2017 13:05:30 UTC
13-Oct-2018 16:11:19.674 信息 [main] org.apache.catalina.startup.VersionLoggerListener.log Server number:         8.5.24.0
13-Oct-2018 16:11:19.674 信息 [main] org.apache.catalina.startup.VersionLoggerListener.log OS Name:               Windows 10
13-Oct-2018 16:11:19.674 信息 [main] org.apache.catalina.startup.VersionLoggerListener.log OS Version:            10.0
13-Oct-2018 16:11:19.674 信息 [main] org.apache.catalina.startup.VersionLoggerListener.log Architecture:          amd64
13-Oct-2018 16:11:19.675 信息 [main] org.apache.catalina.startup.VersionLoggerListener.log Java Home:             C:\files\env\jdk1.8.0_73x64\jdk1.8.0_73x64\jre
13-Oct-2018 16:11:19.675 信息 [main] org.apache.catalina.startup.VersionLoggerListener.log JVM Version:           1.8.0_73-b02
13-Oct-2018 16:11:19.675 信息 [main] org.apache.catalina.startup.VersionLoggerListener.log JVM Vendor:            Oracle Corporation
13-Oct-2018 16:11:19.675 信息 [main] org.apache.catalina.startup.VersionLoggerListener.log CATALINA_BASE:         C:\files\04.study\tomcat\node1
13-Oct-2018 16:11:19.675 信息 [main] org.apache.catalina.startup.VersionLoggerListener.log CATALINA_HOME:         C:\files\04.study\tomcat\node1
13-Oct-2018 16:11:19.675 信息 [main] org.apache.catalina.startup.VersionLoggerListener.log Command line argument: -Djava.util.logging.config.file=C:\files\04.study\tomcat\node1\conf\logging.properties
13-Oct-2018 16:11:19.675 信息 [main] org.apache.catalina.startup.VersionLoggerListener.log Command line argument: -Djava.util.logging.manager=org.apache.juli.ClassLoaderLogManager
13-Oct-2018 16:11:19.675 信息 [main] org.apache.catalina.startup.VersionLoggerListener.log Command line argument: -Djdk.tls.ephemeralDHKeySize=2048
13-Oct-2018 16:11:19.676 信息 [main] org.apache.catalina.startup.VersionLoggerListener.log Command line argument: -Djava.protocol.handler.pkgs=org.apache.catalina.webresources
13-Oct-2018 16:11:19.676 信息 [main] org.apache.catalina.startup.VersionLoggerListener.log Command line argument: -Dignore.endorsed.dirs=
13-Oct-2018 16:11:19.676 信息 [main] org.apache.catalina.startup.VersionLoggerListener.log Command line argument: -Dcatalina.base=C:\files\04.study\tomcat\node1
13-Oct-2018 16:11:19.677 信息 [main] org.apache.catalina.startup.VersionLoggerListener.log Command line argument: -Dcatalina.home=C:\files\04.study\tomcat\node1
13-Oct-2018 16:11:19.677 信息 [main] org.apache.catalina.startup.VersionLoggerListener.log Command line argument: -Djava.io.tmpdir=C:\files\04.study\tomcat\node1\temp
13-Oct-2018 16:11:19.678 信息 [main] org.apache.catalina.core.AprLifecycleListener.lifecycleEvent The APR based Apache Tomcat Native library which allows optimal performance in production environments was not found on the java.library.path: [C:\files\env\jdk1.8.0_73x64\jdk1.8.0_73x64\bin;C:\WINDOWS\Sun\Java\bin;C:\WINDOWS\system32;C:\WINDOWS;C:\Perl64\site\bin;C:\Perl64\bin;C:\Program Files\NVIDIA GPU Computing Toolkit\CUDA\v9.1\bin;C:\Program Files\NVIDIA GPU Computing Toolkit\CUDA\v9.1\libnvvp;C:\Program Files (x86)\Intel\iCLS Client\;C:\Program Files\Intel\iCLS Client\;C:\Windows\system32;C:\Windows;C:\Windows\System32\Wbem;C:\Windows\System32\WindowsPowerShell\v1.0\;C:\Program Files (x86)\Intel\Intel(R) Management Engine Components\DAL;C:\Program Files\Intel\Intel(R) Management Engine Components\DAL;C:\Program Files (x86)\Intel\Intel(R) Management Engine Components\IPT;C:\Program Files\Intel\Intel(R) Management Engine Components\IPT;C:\Program Files (x86)\NVIDIA Corporation\PhysX\Common;C:\Program Files\TortoiseGit\bin;C:\files\env\jdk1.8.0_73x64\jdk1.8.0_73x64\bin;C:\files\env\jdk1.8.0_73x64\jdk1.8.0_73x64\jre\bin;C:\Program Files (x86)\JetBrains\IntelliJ IDEA 2016.2\plugins\maven\lib\maven3\bin;C:\Program Files\Git\bin;C:\Program Files\Git\cmd;C:\Program Files\MySQL\MySQL Utilities 1.6\;C:\Program Files (x86)\Windows Kits\10\Windows Performance Toolkit\;C:\Program Files (x86)\Skype\Phone\;C:\Program Files\erl9.1\lib\rabbitmq_server-3.6.12\sbin;C:\Python27;C:\Program Files\R\R-3.4.3\bin;C:\Program Files\Microsoft SQL Server\110\Tools\Binn\;C:\Program Files\nodejs\;C:\Program Files (x86)\MSBuild\Microsoft.Cpp\v4.0\v140;C:\Users\92039\AppData\Local\Programs\Python\Python36\Scripts;C:\WINDOWS\system32;C:\WINDOWS;C:\WINDOWS\System32\Wbem;C:\WINDOWS\System32\WindowsPowerShell\v1.0\;C:\files\env\curl-7.59.0-win32-mingw\bin;C:\files\env\gradle-4.6\bin;C:\files\13AI\OpenCV\opencv\build\x64\vc14\bin;C:\files\13AI\人体检测\OpenPose_demo_1.0.1\OpenPose_demo_1.0.1\bin;C:\files\13AI\OpenCV\opencv\build\java\x64;C:\Users\92039\AppData\Local\Android\Sdk\platform-tools;C:\files\env\php\php;C:\files\env\php\php\ext;C:\WINDOWS\system32;C:\WINDOWS;C:\WINDOWS\System32\Wbem;C:\WINDOWS\System32\WindowsPowerShell\v1.0\;C:\WINDOWS\System32\OpenSSH\;C:\files\01.document\04.strom\env\apache-storm-1.2.2\bin;C:\files\env\apache-ant-1.9.13\bin;C:\Perl64\bin;C:\Users\92039\AppData\Local\Programs\Python\Python36\Scripts\;C:\Users\92039\AppData\Local\Programs\Python\Python36\;C:\Users\92039\AppData\Local\Microsoft\WindowsApps;C:\Users\92039\AppData\Local\atom\bin;C:\Users\92039\AppData\Roaming\npm;%USERPROFILE%\AppData\Local\Microsoft\WindowsApps;;.]
13-Oct-2018 16:11:19.825 信息 [main] org.apache.coyote.AbstractProtocol.init Initializing ProtocolHandler ["http-nio-8080"]
13-Oct-2018 16:11:19.916 信息 [main] org.apache.tomcat.util.net.NioSelectorPool.getSharedSelector Using a shared selector for servlet write/read
13-Oct-2018 16:11:19.925 信息 [main] org.apache.coyote.AbstractProtocol.init Initializing ProtocolHandler ["ajp-nio-8009"]
13-Oct-2018 16:11:19.928 信息 [main] org.apache.tomcat.util.net.NioSelectorPool.getSharedSelector Using a shared selector for servlet write/read
13-Oct-2018 16:11:19.928 信息 [main] org.apache.catalina.startup.Catalina.load Initialization processed in 824 ms
13-Oct-2018 16:11:19.977 信息 [main] org.apache.catalina.core.StandardService.startInternal Starting service [Catalina]
13-Oct-2018 16:11:19.977 信息 [main] org.apache.catalina.core.StandardEngine.startInternal Starting Servlet Engine: Apache Tomcat/8.5.24
13-Oct-2018 16:11:19.989 信息 [main] org.apache.catalina.ha.tcp.SimpleTcpCluster.startInternal Cluster is about to start
13-Oct-2018 16:11:20.023 信息 [main] org.apache.catalina.tribes.transport.ReceiverBase.bind Receiver Server Socket bound to:[/192.168.137.1:4000]
13-Oct-2018 16:11:20.260 信息 [main] org.apache.catalina.tribes.util.UUIDGenerator.<clinit> Creation of SecureRandom instance for UUID generation using [SHA1PRNG] took [233] milliseconds.
13-Oct-2018 16:11:20.269 信息 [main] org.apache.catalina.tribes.membership.McastServiceImpl.setupSocket Setting cluster mcast soTimeout to [500]
13-Oct-2018 16:11:20.272 信息 [main] org.apache.catalina.tribes.membership.McastServiceImpl.waitForMembers Sleeping for [1000] milliseconds to establish cluster membership, start level:[4]
13-Oct-2018 16:11:21.274 信息 [main] org.apache.catalina.tribes.membership.McastServiceImpl.waitForMembers Done sleeping, membership established, start level:[4]
13-Oct-2018 16:11:21.284 信息 [main] org.apache.catalina.tribes.membership.McastServiceImpl.waitForMembers Sleeping for [1000] milliseconds to establish cluster membership, start level:[8]
13-Oct-2018 16:11:22.289 信息 [main] org.apache.catalina.tribes.membership.McastServiceImpl.waitForMembers Done sleeping, membership established, start level:[8]
13-Oct-2018 16:11:22.353 信息 [localhost-startStop-1] org.apache.catalina.startup.HostConfig.deployDirectory Deploying web application directory [C:\files\04.study\tomcat\node1\webapps\docs]
13-Oct-2018 16:11:22.786 信息 [localhost-startStop-1] org.apache.jasper.servlet.TldScanner.scanJars At least one JAR was scanned for TLDs yet contained no TLDs. Enable debug logging for this logger for a complete list of JARs that were scanned but no TLDs were found in them. Skipping unneeded JARs during scanning can improve startup time and JSP compilation time.
13-Oct-2018 16:11:22.829 信息 [localhost-startStop-1] com.orangefunction.tomcat.redissessions.RedisSessionManager.startInternal Attached to RedisSessionHandlerValve
13-Oct-2018 16:11:22.829 信息 [localhost-startStop-1] com.orangefunction.tomcat.redissessions.RedisSessionManager.initializeSerializer Attempting to use serializer :com.orangefunction.tomcat.redissessions.JavaSerializer
13-Oct-2018 16:11:22.834 信息 [localhost-startStop-1] com.orangefunction.tomcat.redissessions.RedisSessionManager.startInternal Will expire sessions after 1800 seconds
13-Oct-2018 16:11:22.891 信息 [localhost-startStop-1] org.apache.catalina.startup.HostConfig.deployDirectory Deployment of web application directory [C:\files\04.study\tomcat\node1\webapps\docs] has finished in [537] ms
13-Oct-2018 16:11:22.891 信息 [localhost-startStop-1] org.apache.catalina.startup.HostConfig.deployDirectory Deploying web application directory [C:\files\04.study\tomcat\node1\webapps\examples]
13-Oct-2018 16:11:23.413 信息 [localhost-startStop-1] org.apache.jasper.servlet.TldScanner.scanJars At least one JAR was scanned for TLDs yet contained no TLDs. Enable debug logging for this logger for a complete list of JARs that were scanned but no TLDs were found in them. Skipping unneeded JARs during scanning can improve startup time and JSP compilation time.
13-Oct-2018 16:11:23.486 信息 [localhost-startStop-1] com.orangefunction.tomcat.redissessions.RedisSessionManager.startInternal Attached to RedisSessionHandlerValve
13-Oct-2018 16:11:23.486 信息 [localhost-startStop-1] com.orangefunction.tomcat.redissessions.RedisSessionManager.initializeSerializer Attempting to use serializer :com.orangefunction.tomcat.redissessions.JavaSerializer
13-Oct-2018 16:11:23.487 信息 [localhost-startStop-1] com.orangefunction.tomcat.redissessions.RedisSessionManager.startInternal Will expire sessions after 1800 seconds
13-Oct-2018 16:11:23.503 信息 [localhost-startStop-1] org.apache.catalina.startup.HostConfig.deployDirectory Deployment of web application directory [C:\files\04.study\tomcat\node1\webapps\examples] has finished in [612] ms
13-Oct-2018 16:11:23.503 信息 [localhost-startStop-1] org.apache.catalina.startup.HostConfig.deployDirectory Deploying web application directory [C:\files\04.study\tomcat\node1\webapps\host-manager]
13-Oct-2018 16:11:23.655 信息 [localhost-startStop-1] org.apache.jasper.servlet.TldScanner.scanJars At least one JAR was scanned for TLDs yet contained no TLDs. Enable debug logging for this logger for a complete list of JARs that were scanned but no TLDs were found in them. Skipping unneeded JARs during scanning can improve startup time and JSP compilation time.
13-Oct-2018 16:11:23.669 信息 [localhost-startStop-1] org.apache.catalina.startup.HostConfig.deployDirectory Deployment of web application directory [C:\files\04.study\tomcat\node1\webapps\host-manager] has finished in [166] ms
13-Oct-2018 16:11:23.670 信息 [localhost-startStop-1] org.apache.catalina.startup.HostConfig.deployDirectory Deploying web application directory [C:\files\04.study\tomcat\node1\webapps\manager]
13-Oct-2018 16:11:23.774 信息 [localhost-startStop-1] org.apache.jasper.servlet.TldScanner.scanJars At least one JAR was scanned for TLDs yet contained no TLDs. Enable debug logging for this logger for a complete list of JARs that were scanned but no TLDs were found in them. Skipping unneeded JARs during scanning can improve startup time and JSP compilation time.
13-Oct-2018 16:11:23.779 信息 [localhost-startStop-1] org.apache.catalina.startup.HostConfig.deployDirectory Deployment of web application directory [C:\files\04.study\tomcat\node1\webapps\manager] has finished in [109] ms
13-Oct-2018 16:11:23.779 信息 [localhost-startStop-1] org.apache.catalina.startup.HostConfig.deployDirectory Deploying web application directory [C:\files\04.study\tomcat\node1\webapps\node1]
13-Oct-2018 16:11:23.859 警告 [localhost-startStop-1] org.apache.catalina.ha.tcp.SimpleTcpCluster.registerManager Manager [com.orangefunction.tomcat.redissessions.RedisSessionManager[/node1]] does not implement ClusterManager, addition to cluster has been aborted.
13-Oct-2018 16:11:23.866 信息 [localhost-startStop-1] org.apache.jasper.servlet.TldScanner.scanJars At least one JAR was scanned for TLDs yet contained no TLDs. Enable debug logging for this logger for a complete list of JARs that were scanned but no TLDs were found in them. Skipping unneeded JARs during scanning can improve startup time and JSP compilation time.
13-Oct-2018 16:11:23.867 信息 [localhost-startStop-1] com.orangefunction.tomcat.redissessions.RedisSessionManager.startInternal Attached to RedisSessionHandlerValve
13-Oct-2018 16:11:23.867 信息 [localhost-startStop-1] com.orangefunction.tomcat.redissessions.RedisSessionManager.initializeSerializer Attempting to use serializer :com.orangefunction.tomcat.redissessions.JavaSerializer
13-Oct-2018 16:11:23.867 信息 [localhost-startStop-1] com.orangefunction.tomcat.redissessions.RedisSessionManager.startInternal Will expire sessions after 1800 seconds
13-Oct-2018 16:11:23.873 信息 [localhost-startStop-1] org.apache.catalina.startup.HostConfig.deployDirectory Deployment of web application directory [C:\files\04.study\tomcat\node1\webapps\node1] has finished in [94] ms
13-Oct-2018 16:11:23.873 信息 [localhost-startStop-1] org.apache.catalina.startup.HostConfig.deployDirectory Deploying web application directory [C:\files\04.study\tomcat\node1\webapps\ROOT]
13-Oct-2018 16:11:23.973 信息 [localhost-startStop-1] org.apache.jasper.servlet.TldScanner.scanJars At least one JAR was scanned for TLDs yet contained no TLDs. Enable debug logging for this logger for a complete list of JARs that were scanned but no TLDs were found in them. Skipping unneeded JARs during scanning can improve startup time and JSP compilation time.
13-Oct-2018 16:11:23.974 信息 [localhost-startStop-1] com.orangefunction.tomcat.redissessions.RedisSessionManager.startInternal Attached to RedisSessionHandlerValve
13-Oct-2018 16:11:23.975 信息 [localhost-startStop-1] com.orangefunction.tomcat.redissessions.RedisSessionManager.initializeSerializer Attempting to use serializer :com.orangefunction.tomcat.redissessions.JavaSerializer
13-Oct-2018 16:11:23.976 信息 [localhost-startStop-1] com.orangefunction.tomcat.redissessions.RedisSessionManager.startInternal Will expire sessions after 1800 seconds
13-Oct-2018 16:11:23.984 信息 [localhost-startStop-1] org.apache.catalina.startup.HostConfig.deployDirectory Deployment of web application directory [C:\files\04.study\tomcat\node1\webapps\ROOT] has finished in [111] ms
13-Oct-2018 16:11:23.994 信息 [main] org.apache.catalina.ha.session.JvmRouteBinderValve.startInternal JvmRouteBinderValve started
13-Oct-2018 16:11:24.005 信息 [main] org.apache.coyote.AbstractProtocol.start Starting ProtocolHandler ["http-nio-8080"]
13-Oct-2018 16:11:24.025 信息 [main] org.apache.coyote.AbstractProtocol.start Starting ProtocolHandler ["ajp-nio-8009"]
13-Oct-2018 16:11:24.036 信息 [main] org.apache.catalina.startup.Catalina.start Server startup in 4107 ms
13-Oct-2018 16:12:34.130 信息 [ContainerBackgroundProcessor[StandardEngine[Catalina]]] org.apache.catalina.startup.HostConfig.undeploy Undeploying context []
13-Oct-2018 16:12:34.187 信息 [ContainerBackgroundProcessor[StandardEngine[Catalina]]] org.apache.catalina.startup.HostConfig.undeploy Undeploying context [/examples]
13-Oct-2018 16:12:34.205 信息 [ContainerBackgroundProcessor[StandardEngine[Catalina]]] org.apache.catalina.startup.HostConfig.undeploy Undeploying context [/node1]
13-Oct-2018 16:12:34.239 信息 [ContainerBackgroundProcessor[StandardEngine[Catalina]]] org.apache.catalina.startup.HostConfig.undeploy Undeploying context [/host-manager]
13-Oct-2018 16:12:34.251 信息 [ContainerBackgroundProcessor[StandardEngine[Catalina]]] org.apache.catalina.startup.HostConfig.undeploy Undeploying context [/manager]
13-Oct-2018 16:12:34.281 信息 [ContainerBackgroundProcessor[StandardEngine[Catalina]]] org.apache.catalina.startup.HostConfig.undeploy Undeploying context [/docs]
13-Oct-2018 16:12:34.290 信息 [localhost-startStop-2] org.apache.catalina.startup.HostConfig.deployDirectory Deploying web application directory [C:\files\04.study\tomcat\node1\webapps\docs]
13-Oct-2018 16:12:34.370 信息 [localhost-startStop-2] com.orangefunction.tomcat.redissessions.RedisSessionManager.startInternal Attached to RedisSessionHandlerValve
13-Oct-2018 16:12:34.370 信息 [localhost-startStop-2] com.orangefunction.tomcat.redissessions.RedisSessionManager.initializeSerializer Attempting to use serializer :com.orangefunction.tomcat.redissessions.JavaSerializer
13-Oct-2018 16:12:34.370 信息 [localhost-startStop-2] com.orangefunction.tomcat.redissessions.RedisSessionManager.startInternal Will expire sessions after 1800 seconds
13-Oct-2018 16:12:34.375 信息 [localhost-startStop-2] org.apache.catalina.startup.HostConfig.deployDirectory Deployment of web application directory [C:\files\04.study\tomcat\node1\webapps\docs] has finished in [85] ms
13-Oct-2018 16:12:34.376 信息 [localhost-startStop-2] org.apache.catalina.startup.HostConfig.deployDirectory Deploying web application directory [C:\files\04.study\tomcat\node1\webapps\examples]
13-Oct-2018 16:12:34.844 信息 [localhost-startStop-2] com.orangefunction.tomcat.redissessions.RedisSessionManager.startInternal Attached to RedisSessionHandlerValve
13-Oct-2018 16:12:34.844 信息 [localhost-startStop-2] com.orangefunction.tomcat.redissessions.RedisSessionManager.initializeSerializer Attempting to use serializer :com.orangefunction.tomcat.redissessions.JavaSerializer
13-Oct-2018 16:12:34.850 信息 [localhost-startStop-2] com.orangefunction.tomcat.redissessions.RedisSessionManager.startInternal Will expire sessions after 1800 seconds
13-Oct-2018 16:12:34.865 信息 [localhost-startStop-2] org.apache.catalina.startup.HostConfig.deployDirectory Deployment of web application directory [C:\files\04.study\tomcat\node1\webapps\examples] has finished in [488] ms
13-Oct-2018 16:12:34.866 信息 [localhost-startStop-2] org.apache.catalina.startup.HostConfig.deployDirectory Deploying web application directory [C:\files\04.study\tomcat\node1\webapps\host-manager]
13-Oct-2018 16:12:34.983 信息 [localhost-startStop-2] org.apache.catalina.startup.HostConfig.deployDirectory Deployment of web application directory [C:\files\04.study\tomcat\node1\webapps\host-manager] has finished in [118] ms
13-Oct-2018 16:12:34.985 信息 [localhost-startStop-2] org.apache.catalina.startup.HostConfig.deployDirectory Deploying web application directory [C:\files\04.study\tomcat\node1\webapps\manager]
13-Oct-2018 16:12:35.093 信息 [localhost-startStop-2] org.apache.catalina.startup.HostConfig.deployDirectory Deployment of web application directory [C:\files\04.study\tomcat\node1\webapps\manager] has finished in [108] ms
13-Oct-2018 16:12:35.095 信息 [localhost-startStop-2] org.apache.catalina.startup.HostConfig.deployDirectory Deploying web application directory [C:\files\04.study\tomcat\node1\webapps\node1]
13-Oct-2018 16:12:35.193 警告 [localhost-startStop-2] org.apache.catalina.ha.tcp.SimpleTcpCluster.registerManager Manager [com.orangefunction.tomcat.redissessions.RedisSessionManager[/node1]] does not implement ClusterManager, addition to cluster has been aborted.
13-Oct-2018 16:12:35.201 信息 [localhost-startStop-2] com.orangefunction.tomcat.redissessions.RedisSessionManager.startInternal Attached to RedisSessionHandlerValve
13-Oct-2018 16:12:35.201 信息 [localhost-startStop-2] com.orangefunction.tomcat.redissessions.RedisSessionManager.initializeSerializer Attempting to use serializer :com.orangefunction.tomcat.redissessions.JavaSerializer
13-Oct-2018 16:12:35.201 信息 [localhost-startStop-2] com.orangefunction.tomcat.redissessions.RedisSessionManager.startInternal Will expire sessions after 1800 seconds
13-Oct-2018 16:12:35.207 信息 [localhost-startStop-2] org.apache.catalina.startup.HostConfig.deployDirectory Deployment of web application directory [C:\files\04.study\tomcat\node1\webapps\node1] has finished in [112] ms
13-Oct-2018 16:12:35.207 信息 [localhost-startStop-2] org.apache.catalina.startup.HostConfig.deployDirectory Deploying web application directory [C:\files\04.study\tomcat\node1\webapps\ROOT]
13-Oct-2018 16:12:35.281 信息 [localhost-startStop-2] com.orangefunction.tomcat.redissessions.RedisSessionManager.startInternal Attached to RedisSessionHandlerValve
13-Oct-2018 16:12:35.282 信息 [localhost-startStop-2] com.orangefunction.tomcat.redissessions.RedisSessionManager.initializeSerializer Attempting to use serializer :com.orangefunction.tomcat.redissessions.JavaSerializer
13-Oct-2018 16:12:35.282 信息 [localhost-startStop-2] com.orangefunction.tomcat.redissessions.RedisSessionManager.startInternal Will expire sessions after 1800 seconds
13-Oct-2018 16:12:35.287 信息 [localhost-startStop-2] org.apache.catalina.startup.HostConfig.deployDirectory Deployment of web application directory [C:\files\04.study\tomcat\node1\webapps\ROOT] has finished in [80] ms
13-Oct-2018 16:15:44.316 信息 [main] org.apache.catalina.startup.VersionLoggerListener.log Server version:        Apache Tomcat/8.5.24
13-Oct-2018 16:15:44.322 信息 [main] org.apache.catalina.startup.VersionLoggerListener.log Server built:          Nov 27 2017 13:05:30 UTC
13-Oct-2018 16:15:44.322 信息 [main] org.apache.catalina.startup.VersionLoggerListener.log Server number:         8.5.24.0
13-Oct-2018 16:15:44.322 信息 [main] org.apache.catalina.startup.VersionLoggerListener.log OS Name:               Windows 10
13-Oct-2018 16:15:44.323 信息 [main] org.apache.catalina.startup.VersionLoggerListener.log OS Version:            10.0
13-Oct-2018 16:15:44.323 信息 [main] org.apache.catalina.startup.VersionLoggerListener.log Architecture:          amd64
13-Oct-2018 16:15:44.323 信息 [main] org.apache.catalina.startup.VersionLoggerListener.log Java Home:             C:\files\env\jdk1.8.0_73x64\jdk1.8.0_73x64\jre
13-Oct-2018 16:15:44.323 信息 [main] org.apache.catalina.startup.VersionLoggerListener.log JVM Version:           1.8.0_73-b02
13-Oct-2018 16:15:44.323 信息 [main] org.apache.catalina.startup.VersionLoggerListener.log JVM Vendor:            Oracle Corporation
13-Oct-2018 16:15:44.323 信息 [main] org.apache.catalina.startup.VersionLoggerListener.log CATALINA_BASE:         C:\files\04.study\tomcat\node1
13-Oct-2018 16:15:44.323 信息 [main] org.apache.catalina.startup.VersionLoggerListener.log CATALINA_HOME:         C:\files\04.study\tomcat\node1
13-Oct-2018 16:15:44.324 信息 [main] org.apache.catalina.startup.VersionLoggerListener.log Command line argument: -Djava.util.logging.config.file=C:\files\04.study\tomcat\node1\conf\logging.properties
13-Oct-2018 16:15:44.324 信息 [main] org.apache.catalina.startup.VersionLoggerListener.log Command line argument: -Djava.util.logging.manager=org.apache.juli.ClassLoaderLogManager
13-Oct-2018 16:15:44.324 信息 [main] org.apache.catalina.startup.VersionLoggerListener.log Command line argument: -Djdk.tls.ephemeralDHKeySize=2048
13-Oct-2018 16:15:44.324 信息 [main] org.apache.catalina.startup.VersionLoggerListener.log Command line argument: -Djava.protocol.handler.pkgs=org.apache.catalina.webresources
13-Oct-2018 16:15:44.324 信息 [main] org.apache.catalina.startup.VersionLoggerListener.log Command line argument: -Dignore.endorsed.dirs=
13-Oct-2018 16:15:44.324 信息 [main] org.apache.catalina.startup.VersionLoggerListener.log Command line argument: -Dcatalina.base=C:\files\04.study\tomcat\node1
13-Oct-2018 16:15:44.326 信息 [main] org.apache.catalina.startup.VersionLoggerListener.log Command line argument: -Dcatalina.home=C:\files\04.study\tomcat\node1
13-Oct-2018 16:15:44.327 信息 [main] org.apache.catalina.startup.VersionLoggerListener.log Command line argument: -Djava.io.tmpdir=C:\files\04.study\tomcat\node1\temp
13-Oct-2018 16:15:44.328 信息 [main] org.apache.catalina.core.AprLifecycleListener.lifecycleEvent The APR based Apache Tomcat Native library which allows optimal performance in production environments was not found on the java.library.path: [C:\files\env\jdk1.8.0_73x64\jdk1.8.0_73x64\bin;C:\WINDOWS\Sun\Java\bin;C:\WINDOWS\system32;C:\WINDOWS;C:\Perl64\site\bin;C:\Perl64\bin;C:\Program Files\NVIDIA GPU Computing Toolkit\CUDA\v9.1\bin;C:\Program Files\NVIDIA GPU Computing Toolkit\CUDA\v9.1\libnvvp;C:\Program Files (x86)\Intel\iCLS Client\;C:\Program Files\Intel\iCLS Client\;C:\Windows\system32;C:\Windows;C:\Windows\System32\Wbem;C:\Windows\System32\WindowsPowerShell\v1.0\;C:\Program Files (x86)\Intel\Intel(R) Management Engine Components\DAL;C:\Program Files\Intel\Intel(R) Management Engine Components\DAL;C:\Program Files (x86)\Intel\Intel(R) Management Engine Components\IPT;C:\Program Files\Intel\Intel(R) Management Engine Components\IPT;C:\Program Files (x86)\NVIDIA Corporation\PhysX\Common;C:\Program Files\TortoiseGit\bin;C:\files\env\jdk1.8.0_73x64\jdk1.8.0_73x64\bin;C:\files\env\jdk1.8.0_73x64\jdk1.8.0_73x64\jre\bin;C:\Program Files (x86)\JetBrains\IntelliJ IDEA 2016.2\plugins\maven\lib\maven3\bin;C:\Program Files\Git\bin;C:\Program Files\Git\cmd;C:\Program Files\MySQL\MySQL Utilities 1.6\;C:\Program Files (x86)\Windows Kits\10\Windows Performance Toolkit\;C:\Program Files (x86)\Skype\Phone\;C:\Program Files\erl9.1\lib\rabbitmq_server-3.6.12\sbin;C:\Python27;C:\Program Files\R\R-3.4.3\bin;C:\Program Files\Microsoft SQL Server\110\Tools\Binn\;C:\Program Files\nodejs\;C:\Program Files (x86)\MSBuild\Microsoft.Cpp\v4.0\v140;C:\Users\92039\AppData\Local\Programs\Python\Python36\Scripts;C:\WINDOWS\system32;C:\WINDOWS;C:\WINDOWS\System32\Wbem;C:\WINDOWS\System32\WindowsPowerShell\v1.0\;C:\files\env\curl-7.59.0-win32-mingw\bin;C:\files\env\gradle-4.6\bin;C:\files\13AI\OpenCV\opencv\build\x64\vc14\bin;C:\files\13AI\人体检测\OpenPose_demo_1.0.1\OpenPose_demo_1.0.1\bin;C:\files\13AI\OpenCV\opencv\build\java\x64;C:\Users\92039\AppData\Local\Android\Sdk\platform-tools;C:\files\env\php\php;C:\files\env\php\php\ext;C:\WINDOWS\system32;C:\WINDOWS;C:\WINDOWS\System32\Wbem;C:\WINDOWS\System32\WindowsPowerShell\v1.0\;C:\WINDOWS\System32\OpenSSH\;C:\files\01.document\04.strom\env\apache-storm-1.2.2\bin;C:\files\env\apache-ant-1.9.13\bin;C:\Perl64\bin;C:\Users\92039\AppData\Local\Programs\Python\Python36\Scripts\;C:\Users\92039\AppData\Local\Programs\Python\Python36\;C:\Users\92039\AppData\Local\Microsoft\WindowsApps;C:\Users\92039\AppData\Local\atom\bin;C:\Users\92039\AppData\Roaming\npm;%USERPROFILE%\AppData\Local\Microsoft\WindowsApps;;.]
13-Oct-2018 16:15:44.490 信息 [main] org.apache.coyote.AbstractProtocol.init Initializing ProtocolHandler ["http-nio-8080"]
13-Oct-2018 16:15:44.584 信息 [main] org.apache.tomcat.util.net.NioSelectorPool.getSharedSelector Using a shared selector for servlet write/read
13-Oct-2018 16:15:44.591 信息 [main] org.apache.coyote.AbstractProtocol.init Initializing ProtocolHandler ["ajp-nio-8009"]
13-Oct-2018 16:15:44.595 信息 [main] org.apache.tomcat.util.net.NioSelectorPool.getSharedSelector Using a shared selector for servlet write/read
13-Oct-2018 16:15:44.595 信息 [main] org.apache.catalina.startup.Catalina.load Initialization processed in 849 ms
13-Oct-2018 16:15:44.643 信息 [main] org.apache.catalina.core.StandardService.startInternal Starting service [Catalina]
13-Oct-2018 16:15:44.643 信息 [main] org.apache.catalina.core.StandardEngine.startInternal Starting Servlet Engine: Apache Tomcat/8.5.24
13-Oct-2018 16:15:44.652 信息 [main] org.apache.catalina.ha.tcp.SimpleTcpCluster.startInternal Cluster is about to start
13-Oct-2018 16:15:44.687 信息 [main] org.apache.catalina.tribes.transport.ReceiverBase.bind Receiver Server Socket bound to:[/192.168.137.1:4000]
13-Oct-2018 16:15:44.946 信息 [main] org.apache.catalina.tribes.util.UUIDGenerator.<clinit> Creation of SecureRandom instance for UUID generation using [SHA1PRNG] took [251] milliseconds.
13-Oct-2018 16:15:44.955 信息 [main] org.apache.catalina.tribes.membership.McastServiceImpl.setupSocket Setting cluster mcast soTimeout to [500]
13-Oct-2018 16:15:44.962 信息 [main] org.apache.catalina.tribes.membership.McastServiceImpl.waitForMembers Sleeping for [1000] milliseconds to establish cluster membership, start level:[4]
13-Oct-2018 16:15:45.963 信息 [main] org.apache.catalina.tribes.membership.McastServiceImpl.waitForMembers Done sleeping, membership established, start level:[4]
13-Oct-2018 16:15:45.972 信息 [main] org.apache.catalina.tribes.membership.McastServiceImpl.waitForMembers Sleeping for [1000] milliseconds to establish cluster membership, start level:[8]
13-Oct-2018 16:15:46.976 信息 [main] org.apache.catalina.tribes.membership.McastServiceImpl.waitForMembers Done sleeping, membership established, start level:[8]
13-Oct-2018 16:15:47.018 信息 [localhost-startStop-1] org.apache.catalina.startup.HostConfig.deployDirectory Deploying web application directory [C:\files\04.study\tomcat\node1\webapps\docs]
13-Oct-2018 16:15:47.433 信息 [localhost-startStop-1] org.apache.jasper.servlet.TldScanner.scanJars At least one JAR was scanned for TLDs yet contained no TLDs. Enable debug logging for this logger for a complete list of JARs that were scanned but no TLDs were found in them. Skipping unneeded JARs during scanning can improve startup time and JSP compilation time.
13-Oct-2018 16:15:47.467 信息 [localhost-startStop-1] com.orangefunction.tomcat.redissessions.RedisSessionManager.startInternal Attached to RedisSessionHandlerValve
13-Oct-2018 16:15:47.467 信息 [localhost-startStop-1] com.orangefunction.tomcat.redissessions.RedisSessionManager.initializeSerializer Attempting to use serializer :com.orangefunction.tomcat.redissessions.JavaSerializer
13-Oct-2018 16:15:47.470 信息 [localhost-startStop-1] com.orangefunction.tomcat.redissessions.RedisSessionManager.startInternal Will expire sessions after 1800 seconds
13-Oct-2018 16:15:47.526 信息 [localhost-startStop-1] org.apache.catalina.startup.HostConfig.deployDirectory Deployment of web application directory [C:\files\04.study\tomcat\node1\webapps\docs] has finished in [508] ms
13-Oct-2018 16:15:47.526 信息 [localhost-startStop-1] org.apache.catalina.startup.HostConfig.deployDirectory Deploying web application directory [C:\files\04.study\tomcat\node1\webapps\examples]
13-Oct-2018 16:15:48.073 信息 [localhost-startStop-1] org.apache.jasper.servlet.TldScanner.scanJars At least one JAR was scanned for TLDs yet contained no TLDs. Enable debug logging for this logger for a complete list of JARs that were scanned but no TLDs were found in them. Skipping unneeded JARs during scanning can improve startup time and JSP compilation time.
13-Oct-2018 16:15:48.145 信息 [localhost-startStop-1] com.orangefunction.tomcat.redissessions.RedisSessionManager.startInternal Attached to RedisSessionHandlerValve
13-Oct-2018 16:15:48.146 信息 [localhost-startStop-1] com.orangefunction.tomcat.redissessions.RedisSessionManager.initializeSerializer Attempting to use serializer :com.orangefunction.tomcat.redissessions.JavaSerializer
13-Oct-2018 16:15:48.147 信息 [localhost-startStop-1] com.orangefunction.tomcat.redissessions.RedisSessionManager.startInternal Will expire sessions after 1800 seconds
13-Oct-2018 16:15:48.163 信息 [localhost-startStop-1] org.apache.catalina.startup.HostConfig.deployDirectory Deployment of web application directory [C:\files\04.study\tomcat\node1\webapps\examples] has finished in [637] ms
13-Oct-2018 16:15:48.163 信息 [localhost-startStop-1] org.apache.catalina.startup.HostConfig.deployDirectory Deploying web application directory [C:\files\04.study\tomcat\node1\webapps\host-manager]
13-Oct-2018 16:15:48.282 信息 [localhost-startStop-1] org.apache.jasper.servlet.TldScanner.scanJars At least one JAR was scanned for TLDs yet contained no TLDs. Enable debug logging for this logger for a complete list of JARs that were scanned but no TLDs were found in them. Skipping unneeded JARs during scanning can improve startup time and JSP compilation time.
13-Oct-2018 16:15:48.292 信息 [localhost-startStop-1] org.apache.catalina.startup.HostConfig.deployDirectory Deployment of web application directory [C:\files\04.study\tomcat\node1\webapps\host-manager] has finished in [129] ms
13-Oct-2018 16:15:48.292 信息 [localhost-startStop-1] org.apache.catalina.startup.HostConfig.deployDirectory Deploying web application directory [C:\files\04.study\tomcat\node1\webapps\manager]
13-Oct-2018 16:15:48.385 信息 [localhost-startStop-1] org.apache.jasper.servlet.TldScanner.scanJars At least one JAR was scanned for TLDs yet contained no TLDs. Enable debug logging for this logger for a complete list of JARs that were scanned but no TLDs were found in them. Skipping unneeded JARs during scanning can improve startup time and JSP compilation time.
13-Oct-2018 16:15:48.390 信息 [localhost-startStop-1] org.apache.catalina.startup.HostConfig.deployDirectory Deployment of web application directory [C:\files\04.study\tomcat\node1\webapps\manager] has finished in [98] ms
13-Oct-2018 16:15:48.391 信息 [localhost-startStop-1] org.apache.catalina.startup.HostConfig.deployDirectory Deploying web application directory [C:\files\04.study\tomcat\node1\webapps\node1]
13-Oct-2018 16:15:48.469 警告 [localhost-startStop-1] org.apache.catalina.ha.tcp.SimpleTcpCluster.registerManager Manager [com.orangefunction.tomcat.redissessions.RedisSessionManager[/node1]] does not implement ClusterManager, addition to cluster has been aborted.
13-Oct-2018 16:15:48.475 信息 [localhost-startStop-1] org.apache.jasper.servlet.TldScanner.scanJars At least one JAR was scanned for TLDs yet contained no TLDs. Enable debug logging for this logger for a complete list of JARs that were scanned but no TLDs were found in them. Skipping unneeded JARs during scanning can improve startup time and JSP compilation time.
13-Oct-2018 16:15:48.476 信息 [localhost-startStop-1] com.orangefunction.tomcat.redissessions.RedisSessionManager.startInternal Attached to RedisSessionHandlerValve
13-Oct-2018 16:15:48.477 信息 [localhost-startStop-1] com.orangefunction.tomcat.redissessions.RedisSessionManager.initializeSerializer Attempting to use serializer :com.orangefunction.tomcat.redissessions.JavaSerializer
13-Oct-2018 16:15:48.477 信息 [localhost-startStop-1] com.orangefunction.tomcat.redissessions.RedisSessionManager.startInternal Will expire sessions after 1800 seconds
13-Oct-2018 16:15:48.483 信息 [localhost-startStop-1] org.apache.catalina.startup.HostConfig.deployDirectory Deployment of web application directory [C:\files\04.study\tomcat\node1\webapps\node1] has finished in [93] ms
13-Oct-2018 16:15:48.483 信息 [localhost-startStop-1] org.apache.catalina.startup.HostConfig.deployDirectory Deploying web application directory [C:\files\04.study\tomcat\node1\webapps\ROOT]
13-Oct-2018 16:15:48.580 信息 [localhost-startStop-1] org.apache.jasper.servlet.TldScanner.scanJars At least one JAR was scanned for TLDs yet contained no TLDs. Enable debug logging for this logger for a complete list of JARs that were scanned but no TLDs were found in them. Skipping unneeded JARs during scanning can improve startup time and JSP compilation time.
13-Oct-2018 16:15:48.582 信息 [localhost-startStop-1] com.orangefunction.tomcat.redissessions.RedisSessionManager.startInternal Attached to RedisSessionHandlerValve
13-Oct-2018 16:15:48.583 信息 [localhost-startStop-1] com.orangefunction.tomcat.redissessions.RedisSessionManager.initializeSerializer Attempting to use serializer :com.orangefunction.tomcat.redissessions.JavaSerializer
13-Oct-2018 16:15:48.584 信息 [localhost-startStop-1] com.orangefunction.tomcat.redissessions.RedisSessionManager.startInternal Will expire sessions after 1800 seconds
13-Oct-2018 16:15:48.590 信息 [localhost-startStop-1] org.apache.catalina.startup.HostConfig.deployDirectory Deployment of web application directory [C:\files\04.study\tomcat\node1\webapps\ROOT] has finished in [107] ms
13-Oct-2018 16:15:48.602 信息 [main] org.apache.catalina.ha.session.JvmRouteBinderValve.startInternal JvmRouteBinderValve started
13-Oct-2018 16:15:48.610 信息 [main] org.apache.coyote.AbstractProtocol.start Starting ProtocolHandler ["http-nio-8080"]
13-Oct-2018 16:15:48.632 信息 [main] org.apache.coyote.AbstractProtocol.start Starting ProtocolHandler ["ajp-nio-8009"]
13-Oct-2018 16:15:48.641 信息 [main] org.apache.catalina.startup.Catalina.start Server startup in 4045 ms
13-Oct-2018 16:20:08.286 信息 [main] org.apache.catalina.startup.VersionLoggerListener.log Server version:        Apache Tomcat/8.5.24
13-Oct-2018 16:20:08.290 信息 [main] org.apache.catalina.startup.VersionLoggerListener.log Server built:          Nov 27 2017 13:05:30 UTC
13-Oct-2018 16:20:08.291 信息 [main] org.apache.catalina.startup.VersionLoggerListener.log Server number:         8.5.24.0
13-Oct-2018 16:20:08.291 信息 [main] org.apache.catalina.startup.VersionLoggerListener.log OS Name:               Windows 10
13-Oct-2018 16:20:08.291 信息 [main] org.apache.catalina.startup.VersionLoggerListener.log OS Version:            10.0
13-Oct-2018 16:20:08.291 信息 [main] org.apache.catalina.startup.VersionLoggerListener.log Architecture:          amd64
13-Oct-2018 16:20:08.291 信息 [main] org.apache.catalina.startup.VersionLoggerListener.log Java Home:             C:\files\env\jdk1.8.0_73x64\jdk1.8.0_73x64\jre
13-Oct-2018 16:20:08.291 信息 [main] org.apache.catalina.startup.VersionLoggerListener.log JVM Version:           1.8.0_73-b02
13-Oct-2018 16:20:08.292 信息 [main] org.apache.catalina.startup.VersionLoggerListener.log JVM Vendor:            Oracle Corporation
13-Oct-2018 16:20:08.292 信息 [main] org.apache.catalina.startup.VersionLoggerListener.log CATALINA_BASE:         C:\files\04.study\tomcat\node1
13-Oct-2018 16:20:08.292 信息 [main] org.apache.catalina.startup.VersionLoggerListener.log CATALINA_HOME:         C:\files\04.study\tomcat\node1
13-Oct-2018 16:20:08.292 信息 [main] org.apache.catalina.startup.VersionLoggerListener.log Command line argument: -Djava.util.logging.config.file=C:\files\04.study\tomcat\node1\conf\logging.properties
13-Oct-2018 16:20:08.293 信息 [main] org.apache.catalina.startup.VersionLoggerListener.log Command line argument: -Djava.util.logging.manager=org.apache.juli.ClassLoaderLogManager
13-Oct-2018 16:20:08.293 信息 [main] org.apache.catalina.startup.VersionLoggerListener.log Command line argument: -Djdk.tls.ephemeralDHKeySize=2048
13-Oct-2018 16:20:08.293 信息 [main] org.apache.catalina.startup.VersionLoggerListener.log Command line argument: -Djava.protocol.handler.pkgs=org.apache.catalina.webresources
13-Oct-2018 16:20:08.293 信息 [main] org.apache.catalina.startup.VersionLoggerListener.log Command line argument: -Dignore.endorsed.dirs=
13-Oct-2018 16:20:08.294 信息 [main] org.apache.catalina.startup.VersionLoggerListener.log Command line argument: -Dcatalina.base=C:\files\04.study\tomcat\node1
13-Oct-2018 16:20:08.295 信息 [main] org.apache.catalina.startup.VersionLoggerListener.log Command line argument: -Dcatalina.home=C:\files\04.study\tomcat\node1
13-Oct-2018 16:20:08.297 信息 [main] org.apache.catalina.startup.VersionLoggerListener.log Command line argument: -Djava.io.tmpdir=C:\files\04.study\tomcat\node1\temp
13-Oct-2018 16:20:08.298 信息 [main] org.apache.catalina.core.AprLifecycleListener.lifecycleEvent The APR based Apache Tomcat Native library which allows optimal performance in production environments was not found on the java.library.path: [C:\files\env\jdk1.8.0_73x64\jdk1.8.0_73x64\bin;C:\WINDOWS\Sun\Java\bin;C:\WINDOWS\system32;C:\WINDOWS;C:\Perl64\site\bin;C:\Perl64\bin;C:\Program Files\NVIDIA GPU Computing Toolkit\CUDA\v9.1\bin;C:\Program Files\NVIDIA GPU Computing Toolkit\CUDA\v9.1\libnvvp;C:\Program Files (x86)\Intel\iCLS Client\;C:\Program Files\Intel\iCLS Client\;C:\Windows\system32;C:\Windows;C:\Windows\System32\Wbem;C:\Windows\System32\WindowsPowerShell\v1.0\;C:\Program Files (x86)\Intel\Intel(R) Management Engine Components\DAL;C:\Program Files\Intel\Intel(R) Management Engine Components\DAL;C:\Program Files (x86)\Intel\Intel(R) Management Engine Components\IPT;C:\Program Files\Intel\Intel(R) Management Engine Components\IPT;C:\Program Files (x86)\NVIDIA Corporation\PhysX\Common;C:\Program Files\TortoiseGit\bin;C:\files\env\jdk1.8.0_73x64\jdk1.8.0_73x64\bin;C:\files\env\jdk1.8.0_73x64\jdk1.8.0_73x64\jre\bin;C:\Program Files (x86)\JetBrains\IntelliJ IDEA 2016.2\plugins\maven\lib\maven3\bin;C:\Program Files\Git\bin;C:\Program Files\Git\cmd;C:\Program Files\MySQL\MySQL Utilities 1.6\;C:\Program Files (x86)\Windows Kits\10\Windows Performance Toolkit\;C:\Program Files (x86)\Skype\Phone\;C:\Program Files\erl9.1\lib\rabbitmq_server-3.6.12\sbin;C:\Python27;C:\Program Files\R\R-3.4.3\bin;C:\Program Files\Microsoft SQL Server\110\Tools\Binn\;C:\Program Files\nodejs\;C:\Program Files (x86)\MSBuild\Microsoft.Cpp\v4.0\v140;C:\Users\92039\AppData\Local\Programs\Python\Python36\Scripts;C:\WINDOWS\system32;C:\WINDOWS;C:\WINDOWS\System32\Wbem;C:\WINDOWS\System32\WindowsPowerShell\v1.0\;C:\files\env\curl-7.59.0-win32-mingw\bin;C:\files\env\gradle-4.6\bin;C:\files\13AI\OpenCV\opencv\build\x64\vc14\bin;C:\files\13AI\人体检测\OpenPose_demo_1.0.1\OpenPose_demo_1.0.1\bin;C:\files\13AI\OpenCV\opencv\build\java\x64;C:\Users\92039\AppData\Local\Android\Sdk\platform-tools;C:\files\env\php\php;C:\files\env\php\php\ext;C:\WINDOWS\system32;C:\WINDOWS;C:\WINDOWS\System32\Wbem;C:\WINDOWS\System32\WindowsPowerShell\v1.0\;C:\WINDOWS\System32\OpenSSH\;C:\files\01.document\04.strom\env\apache-storm-1.2.2\bin;C:\files\env\apache-ant-1.9.13\bin;C:\Perl64\bin;C:\Users\92039\AppData\Local\Programs\Python\Python36\Scripts\;C:\Users\92039\AppData\Local\Programs\Python\Python36\;C:\Users\92039\AppData\Local\Microsoft\WindowsApps;C:\Users\92039\AppData\Local\atom\bin;C:\Users\92039\AppData\Roaming\npm;%USERPROFILE%\AppData\Local\Microsoft\WindowsApps;;.]
13-Oct-2018 16:20:08.482 信息 [main] org.apache.coyote.AbstractProtocol.init Initializing ProtocolHandler ["http-nio-8080"]
13-Oct-2018 16:20:08.592 信息 [main] org.apache.tomcat.util.net.NioSelectorPool.getSharedSelector Using a shared selector for servlet write/read
13-Oct-2018 16:20:08.602 信息 [main] org.apache.coyote.AbstractProtocol.init Initializing ProtocolHandler ["ajp-nio-8009"]
13-Oct-2018 16:20:08.605 信息 [main] org.apache.tomcat.util.net.NioSelectorPool.getSharedSelector Using a shared selector for servlet write/read
13-Oct-2018 16:20:08.605 信息 [main] org.apache.catalina.startup.Catalina.load Initialization processed in 924 ms
13-Oct-2018 16:20:08.661 信息 [main] org.apache.catalina.core.StandardService.startInternal Starting service [Catalina]
13-Oct-2018 16:20:08.661 信息 [main] org.apache.catalina.core.StandardEngine.startInternal Starting Servlet Engine: Apache Tomcat/8.5.24
13-Oct-2018 16:20:08.673 信息 [main] org.apache.catalina.ha.tcp.SimpleTcpCluster.startInternal Cluster is about to start
13-Oct-2018 16:20:08.710 信息 [main] org.apache.catalina.tribes.transport.ReceiverBase.bind Receiver Server Socket bound to:[/192.168.137.1:4000]
13-Oct-2018 16:20:09.066 信息 [main] org.apache.catalina.tribes.util.UUIDGenerator.<clinit> Creation of SecureRandom instance for UUID generation using [SHA1PRNG] took [350] milliseconds.
13-Oct-2018 16:20:09.081 信息 [main] org.apache.catalina.tribes.membership.McastServiceImpl.setupSocket Setting cluster mcast soTimeout to [500]
13-Oct-2018 16:20:09.094 信息 [main] org.apache.catalina.tribes.membership.McastServiceImpl.waitForMembers Sleeping for [1000] milliseconds to establish cluster membership, start level:[4]
13-Oct-2018 16:20:10.095 信息 [main] org.apache.catalina.tribes.membership.McastServiceImpl.waitForMembers Done sleeping, membership established, start level:[4]
13-Oct-2018 16:20:10.097 信息 [main] org.apache.catalina.tribes.membership.McastServiceImpl.waitForMembers Sleeping for [1000] milliseconds to establish cluster membership, start level:[8]
13-Oct-2018 16:20:11.099 信息 [main] org.apache.catalina.tribes.membership.McastServiceImpl.waitForMembers Done sleeping, membership established, start level:[8]
13-Oct-2018 16:20:11.154 信息 [localhost-startStop-1] org.apache.catalina.startup.HostConfig.deployDirectory Deploying web application directory [C:\files\04.study\tomcat\node1\webapps\docs]
13-Oct-2018 16:20:11.670 信息 [localhost-startStop-1] org.apache.jasper.servlet.TldScanner.scanJars At least one JAR was scanned for TLDs yet contained no TLDs. Enable debug logging for this logger for a complete list of JARs that were scanned but no TLDs were found in them. Skipping unneeded JARs during scanning can improve startup time and JSP compilation time.
13-Oct-2018 16:20:11.723 信息 [localhost-startStop-1] com.orangefunction.tomcat.redissessions.RedisSessionManager.startInternal Attached to RedisSessionHandlerValve
13-Oct-2018 16:20:11.732 信息 [localhost-startStop-1] com.orangefunction.tomcat.redissessions.RedisSessionManager.initializeSerializer Attempting to use serializer :com.orangefunction.tomcat.redissessions.JavaSerializer
13-Oct-2018 16:20:11.737 信息 [localhost-startStop-1] com.orangefunction.tomcat.redissessions.RedisSessionManager.startInternal Will expire sessions after 1800 seconds
13-Oct-2018 16:20:11.804 信息 [localhost-startStop-1] org.apache.catalina.startup.HostConfig.deployDirectory Deployment of web application directory [C:\files\04.study\tomcat\node1\webapps\docs] has finished in [650] ms
13-Oct-2018 16:20:11.805 信息 [localhost-startStop-1] org.apache.catalina.startup.HostConfig.deployDirectory Deploying web application directory [C:\files\04.study\tomcat\node1\webapps\examples]
13-Oct-2018 16:20:12.517 信息 [localhost-startStop-1] org.apache.jasper.servlet.TldScanner.scanJars At least one JAR was scanned for TLDs yet contained no TLDs. Enable debug logging for this logger for a complete list of JARs that were scanned but no TLDs were found in them. Skipping unneeded JARs during scanning can improve startup time and JSP compilation time.
13-Oct-2018 16:20:12.584 信息 [localhost-startStop-1] com.orangefunction.tomcat.redissessions.RedisSessionManager.startInternal Attached to RedisSessionHandlerValve
13-Oct-2018 16:20:12.584 信息 [localhost-startStop-1] com.orangefunction.tomcat.redissessions.RedisSessionManager.initializeSerializer Attempting to use serializer :com.orangefunction.tomcat.redissessions.JavaSerializer
13-Oct-2018 16:20:12.585 信息 [localhost-startStop-1] com.orangefunction.tomcat.redissessions.RedisSessionManager.startInternal Will expire sessions after 1800 seconds
13-Oct-2018 16:20:12.598 信息 [localhost-startStop-1] org.apache.catalina.startup.HostConfig.deployDirectory Deployment of web application directory [C:\files\04.study\tomcat\node1\webapps\examples] has finished in [793] ms
13-Oct-2018 16:20:12.599 信息 [localhost-startStop-1] org.apache.catalina.startup.HostConfig.deployDirectory Deploying web application directory [C:\files\04.study\tomcat\node1\webapps\host-manager]
13-Oct-2018 16:20:12.719 信息 [localhost-startStop-1] org.apache.jasper.servlet.TldScanner.scanJars At least one JAR was scanned for TLDs yet contained no TLDs. Enable debug logging for this logger for a complete list of JARs that were scanned but no TLDs were found in them. Skipping unneeded JARs during scanning can improve startup time and JSP compilation time.
13-Oct-2018 16:20:12.726 信息 [localhost-startStop-1] org.apache.catalina.startup.HostConfig.deployDirectory Deployment of web application directory [C:\files\04.study\tomcat\node1\webapps\host-manager] has finished in [127] ms
13-Oct-2018 16:20:12.726 信息 [localhost-startStop-1] org.apache.catalina.startup.HostConfig.deployDirectory Deploying web application directory [C:\files\04.study\tomcat\node1\webapps\manager]
13-Oct-2018 16:20:12.825 信息 [localhost-startStop-1] org.apache.jasper.servlet.TldScanner.scanJars At least one JAR was scanned for TLDs yet contained no TLDs. Enable debug logging for this logger for a complete list of JARs that were scanned but no TLDs were found in them. Skipping unneeded JARs during scanning can improve startup time and JSP compilation time.
13-Oct-2018 16:20:12.829 信息 [localhost-startStop-1] org.apache.catalina.startup.HostConfig.deployDirectory Deployment of web application directory [C:\files\04.study\tomcat\node1\webapps\manager] has finished in [103] ms
13-Oct-2018 16:20:12.830 信息 [localhost-startStop-1] org.apache.catalina.startup.HostConfig.deployDirectory Deploying web application directory [C:\files\04.study\tomcat\node1\webapps\node1]
13-Oct-2018 16:20:12.907 警告 [localhost-startStop-1] org.apache.catalina.ha.tcp.SimpleTcpCluster.registerManager Manager [com.orangefunction.tomcat.redissessions.RedisSessionManager[/node1]] does not implement ClusterManager, addition to cluster has been aborted.
13-Oct-2018 16:20:12.911 信息 [localhost-startStop-1] org.apache.jasper.servlet.TldScanner.scanJars At least one JAR was scanned for TLDs yet contained no TLDs. Enable debug logging for this logger for a complete list of JARs that were scanned but no TLDs were found in them. Skipping unneeded JARs during scanning can improve startup time and JSP compilation time.
13-Oct-2018 16:20:12.912 信息 [localhost-startStop-1] com.orangefunction.tomcat.redissessions.RedisSessionManager.startInternal Attached to RedisSessionHandlerValve
13-Oct-2018 16:20:12.913 信息 [localhost-startStop-1] com.orangefunction.tomcat.redissessions.RedisSessionManager.initializeSerializer Attempting to use serializer :com.orangefunction.tomcat.redissessions.JavaSerializer
13-Oct-2018 16:20:12.913 信息 [localhost-startStop-1] com.orangefunction.tomcat.redissessions.RedisSessionManager.startInternal Will expire sessions after 1800 seconds
13-Oct-2018 16:20:12.918 信息 [localhost-startStop-1] org.apache.catalina.startup.HostConfig.deployDirectory Deployment of web application directory [C:\files\04.study\tomcat\node1\webapps\node1] has finished in [88] ms
13-Oct-2018 16:20:12.918 信息 [localhost-startStop-1] org.apache.catalina.startup.HostConfig.deployDirectory Deploying web application directory [C:\files\04.study\tomcat\node1\webapps\ROOT]
13-Oct-2018 16:20:13.017 信息 [localhost-startStop-1] org.apache.jasper.servlet.TldScanner.scanJars At least one JAR was scanned for TLDs yet contained no TLDs. Enable debug logging for this logger for a complete list of JARs that were scanned but no TLDs were found in them. Skipping unneeded JARs during scanning can improve startup time and JSP compilation time.
13-Oct-2018 16:20:13.018 信息 [localhost-startStop-1] com.orangefunction.tomcat.redissessions.RedisSessionManager.startInternal Attached to RedisSessionHandlerValve
13-Oct-2018 16:20:13.018 信息 [localhost-startStop-1] com.orangefunction.tomcat.redissessions.RedisSessionManager.initializeSerializer Attempting to use serializer :com.orangefunction.tomcat.redissessions.JavaSerializer
13-Oct-2018 16:20:13.019 信息 [localhost-startStop-1] com.orangefunction.tomcat.redissessions.RedisSessionManager.startInternal Will expire sessions after 1800 seconds
13-Oct-2018 16:20:13.022 信息 [localhost-startStop-1] org.apache.catalina.startup.HostConfig.deployDirectory Deployment of web application directory [C:\files\04.study\tomcat\node1\webapps\ROOT] has finished in [104] ms
13-Oct-2018 16:20:13.031 信息 [main] org.apache.catalina.ha.session.JvmRouteBinderValve.startInternal JvmRouteBinderValve started
13-Oct-2018 16:20:13.037 信息 [main] org.apache.coyote.AbstractProtocol.start Starting ProtocolHandler ["http-nio-8080"]
13-Oct-2018 16:20:13.052 信息 [main] org.apache.coyote.AbstractProtocol.start Starting ProtocolHandler ["ajp-nio-8009"]
13-Oct-2018 16:20:13.058 信息 [main] org.apache.catalina.startup.Catalina.start Server startup in 4452 ms
13-Oct-2018 16:22:03.343 信息 [main] org.apache.catalina.startup.VersionLoggerListener.log Server version:        Apache Tomcat/8.5.24
13-Oct-2018 16:22:03.347 信息 [main] org.apache.catalina.startup.VersionLoggerListener.log Server built:          Nov 27 2017 13:05:30 UTC
13-Oct-2018 16:22:03.348 信息 [main] org.apache.catalina.startup.VersionLoggerListener.log Server number:         8.5.24.0
13-Oct-2018 16:22:03.348 信息 [main] org.apache.catalina.startup.VersionLoggerListener.log OS Name:               Windows 10
13-Oct-2018 16:22:03.348 信息 [main] org.apache.catalina.startup.VersionLoggerListener.log OS Version:            10.0
13-Oct-2018 16:22:03.348 信息 [main] org.apache.catalina.startup.VersionLoggerListener.log Architecture:          amd64
13-Oct-2018 16:22:03.348 信息 [main] org.apache.catalina.startup.VersionLoggerListener.log Java Home:             C:\files\env\jdk1.8.0_73x64\jdk1.8.0_73x64\jre
13-Oct-2018 16:22:03.349 信息 [main] org.apache.catalina.startup.VersionLoggerListener.log JVM Version:           1.8.0_73-b02
13-Oct-2018 16:22:03.349 信息 [main] org.apache.catalina.startup.VersionLoggerListener.log JVM Vendor:            Oracle Corporation
13-Oct-2018 16:22:03.349 信息 [main] org.apache.catalina.startup.VersionLoggerListener.log CATALINA_BASE:         C:\files\04.study\tomcat\node1
13-Oct-2018 16:22:03.349 信息 [main] org.apache.catalina.startup.VersionLoggerListener.log CATALINA_HOME:         C:\files\04.study\tomcat\node1
13-Oct-2018 16:22:03.349 信息 [main] org.apache.catalina.startup.VersionLoggerListener.log Command line argument: -Djava.util.logging.config.file=C:\files\04.study\tomcat\node1\conf\logging.properties
13-Oct-2018 16:22:03.349 信息 [main] org.apache.catalina.startup.VersionLoggerListener.log Command line argument: -Djava.util.logging.manager=org.apache.juli.ClassLoaderLogManager
13-Oct-2018 16:22:03.350 信息 [main] org.apache.catalina.startup.VersionLoggerListener.log Command line argument: -Djdk.tls.ephemeralDHKeySize=2048
13-Oct-2018 16:22:03.350 信息 [main] org.apache.catalina.startup.VersionLoggerListener.log Command line argument: -Djava.protocol.handler.pkgs=org.apache.catalina.webresources
13-Oct-2018 16:22:03.350 信息 [main] org.apache.catalina.startup.VersionLoggerListener.log Command line argument: -Dignore.endorsed.dirs=
13-Oct-2018 16:22:03.351 信息 [main] org.apache.catalina.startup.VersionLoggerListener.log Command line argument: -Dcatalina.base=C:\files\04.study\tomcat\node1
13-Oct-2018 16:22:03.351 信息 [main] org.apache.catalina.startup.VersionLoggerListener.log Command line argument: -Dcatalina.home=C:\files\04.study\tomcat\node1
13-Oct-2018 16:22:03.352 信息 [main] org.apache.catalina.startup.VersionLoggerListener.log Command line argument: -Djava.io.tmpdir=C:\files\04.study\tomcat\node1\temp
13-Oct-2018 16:22:03.353 信息 [main] org.apache.catalina.core.AprLifecycleListener.lifecycleEvent The APR based Apache Tomcat Native library which allows optimal performance in production environments was not found on the java.library.path: [C:\files\env\jdk1.8.0_73x64\jdk1.8.0_73x64\bin;C:\WINDOWS\Sun\Java\bin;C:\WINDOWS\system32;C:\WINDOWS;C:\Perl64\site\bin;C:\Perl64\bin;C:\Program Files\NVIDIA GPU Computing Toolkit\CUDA\v9.1\bin;C:\Program Files\NVIDIA GPU Computing Toolkit\CUDA\v9.1\libnvvp;C:\Program Files (x86)\Intel\iCLS Client\;C:\Program Files\Intel\iCLS Client\;C:\Windows\system32;C:\Windows;C:\Windows\System32\Wbem;C:\Windows\System32\WindowsPowerShell\v1.0\;C:\Program Files (x86)\Intel\Intel(R) Management Engine Components\DAL;C:\Program Files\Intel\Intel(R) Management Engine Components\DAL;C:\Program Files (x86)\Intel\Intel(R) Management Engine Components\IPT;C:\Program Files\Intel\Intel(R) Management Engine Components\IPT;C:\Program Files (x86)\NVIDIA Corporation\PhysX\Common;C:\Program Files\TortoiseGit\bin;C:\files\env\jdk1.8.0_73x64\jdk1.8.0_73x64\bin;C:\files\env\jdk1.8.0_73x64\jdk1.8.0_73x64\jre\bin;C:\Program Files (x86)\JetBrains\IntelliJ IDEA 2016.2\plugins\maven\lib\maven3\bin;C:\Program Files\Git\bin;C:\Program Files\Git\cmd;C:\Program Files\MySQL\MySQL Utilities 1.6\;C:\Program Files (x86)\Windows Kits\10\Windows Performance Toolkit\;C:\Program Files (x86)\Skype\Phone\;C:\Program Files\erl9.1\lib\rabbitmq_server-3.6.12\sbin;C:\Python27;C:\Program Files\R\R-3.4.3\bin;C:\Program Files\Microsoft SQL Server\110\Tools\Binn\;C:\Program Files\nodejs\;C:\Program Files (x86)\MSBuild\Microsoft.Cpp\v4.0\v140;C:\Users\92039\AppData\Local\Programs\Python\Python36\Scripts;C:\WINDOWS\system32;C:\WINDOWS;C:\WINDOWS\System32\Wbem;C:\WINDOWS\System32\WindowsPowerShell\v1.0\;C:\files\env\curl-7.59.0-win32-mingw\bin;C:\files\env\gradle-4.6\bin;C:\files\13AI\OpenCV\opencv\build\x64\vc14\bin;C:\files\13AI\人体检测\OpenPose_demo_1.0.1\OpenPose_demo_1.0.1\bin;C:\files\13AI\OpenCV\opencv\build\java\x64;C:\Users\92039\AppData\Local\Android\Sdk\platform-tools;C:\files\env\php\php;C:\files\env\php\php\ext;C:\WINDOWS\system32;C:\WINDOWS;C:\WINDOWS\System32\Wbem;C:\WINDOWS\System32\WindowsPowerShell\v1.0\;C:\WINDOWS\System32\OpenSSH\;C:\files\01.document\04.strom\env\apache-storm-1.2.2\bin;C:\files\env\apache-ant-1.9.13\bin;C:\Perl64\bin;C:\Users\92039\AppData\Local\Programs\Python\Python36\Scripts\;C:\Users\92039\AppData\Local\Programs\Python\Python36\;C:\Users\92039\AppData\Local\Microsoft\WindowsApps;C:\Users\92039\AppData\Local\atom\bin;C:\Users\92039\AppData\Roaming\npm;%USERPROFILE%\AppData\Local\Microsoft\WindowsApps;;.]
13-Oct-2018 16:22:03.547 信息 [main] org.apache.coyote.AbstractProtocol.init Initializing ProtocolHandler ["http-nio-8080"]
13-Oct-2018 16:22:03.667 信息 [main] org.apache.tomcat.util.net.NioSelectorPool.getSharedSelector Using a shared selector for servlet write/read
13-Oct-2018 16:22:03.676 信息 [main] org.apache.coyote.AbstractProtocol.init Initializing ProtocolHandler ["ajp-nio-8009"]
13-Oct-2018 16:22:03.679 信息 [main] org.apache.tomcat.util.net.NioSelectorPool.getSharedSelector Using a shared selector for servlet write/read
13-Oct-2018 16:22:03.679 信息 [main] org.apache.catalina.startup.Catalina.load Initialization processed in 988 ms
13-Oct-2018 16:22:03.741 信息 [main] org.apache.catalina.core.StandardService.startInternal Starting service [Catalina]
13-Oct-2018 16:22:03.741 信息 [main] org.apache.catalina.core.StandardEngine.startInternal Starting Servlet Engine: Apache Tomcat/8.5.24
13-Oct-2018 16:22:03.752 信息 [main] org.apache.catalina.ha.tcp.SimpleTcpCluster.startInternal Cluster is about to start
13-Oct-2018 16:22:03.800 信息 [main] org.apache.catalina.tribes.transport.ReceiverBase.bind Receiver Server Socket bound to:[/192.168.137.1:4000]
13-Oct-2018 16:22:04.102 信息 [main] org.apache.catalina.tribes.util.UUIDGenerator.<clinit> Creation of SecureRandom instance for UUID generation using [SHA1PRNG] took [295] milliseconds.
13-Oct-2018 16:22:04.135 信息 [main] org.apache.catalina.tribes.membership.McastServiceImpl.setupSocket Setting cluster mcast soTimeout to [500]
13-Oct-2018 16:22:04.144 信息 [main] org.apache.catalina.tribes.membership.McastServiceImpl.waitForMembers Sleeping for [1000] milliseconds to establish cluster membership, start level:[4]
13-Oct-2018 16:22:05.144 信息 [main] org.apache.catalina.tribes.membership.McastServiceImpl.waitForMembers Done sleeping, membership established, start level:[4]
13-Oct-2018 16:22:05.149 信息 [main] org.apache.catalina.tribes.membership.McastServiceImpl.waitForMembers Sleeping for [1000] milliseconds to establish cluster membership, start level:[8]
13-Oct-2018 16:22:06.151 信息 [main] org.apache.catalina.tribes.membership.McastServiceImpl.waitForMembers Done sleeping, membership established, start level:[8]
13-Oct-2018 16:22:06.195 信息 [localhost-startStop-1] org.apache.catalina.startup.HostConfig.deployDirectory Deploying web application directory [C:\files\04.study\tomcat\node1\webapps\docs]
13-Oct-2018 16:22:06.820 信息 [localhost-startStop-1] org.apache.jasper.servlet.TldScanner.scanJars At least one JAR was scanned for TLDs yet contained no TLDs. Enable debug logging for this logger for a complete list of JARs that were scanned but no TLDs were found in them. Skipping unneeded JARs during scanning can improve startup time and JSP compilation time.
13-Oct-2018 16:22:06.886 信息 [localhost-startStop-1] com.orangefunction.tomcat.redissessions.RedisSessionManager.startInternal Attached to RedisSessionHandlerValve
13-Oct-2018 16:22:06.886 信息 [localhost-startStop-1] com.orangefunction.tomcat.redissessions.RedisSessionManager.initializeSerializer Attempting to use serializer :com.orangefunction.tomcat.redissessions.JavaSerializer
13-Oct-2018 16:22:06.890 信息 [localhost-startStop-1] com.orangefunction.tomcat.redissessions.RedisSessionManager.startInternal Will expire sessions after 1800 seconds
13-Oct-2018 16:22:06.974 信息 [localhost-startStop-1] org.apache.catalina.startup.HostConfig.deployDirectory Deployment of web application directory [C:\files\04.study\tomcat\node1\webapps\docs] has finished in [779] ms
13-Oct-2018 16:22:06.975 信息 [localhost-startStop-1] org.apache.catalina.startup.HostConfig.deployDirectory Deploying web application directory [C:\files\04.study\tomcat\node1\webapps\examples]
13-Oct-2018 16:22:07.549 信息 [localhost-startStop-1] org.apache.jasper.servlet.TldScanner.scanJars At least one JAR was scanned for TLDs yet contained no TLDs. Enable debug logging for this logger for a complete list of JARs that were scanned but no TLDs were found in them. Skipping unneeded JARs during scanning can improve startup time and JSP compilation time.
13-Oct-2018 16:22:07.642 信息 [localhost-startStop-1] com.orangefunction.tomcat.redissessions.RedisSessionManager.startInternal Attached to RedisSessionHandlerValve
13-Oct-2018 16:22:07.642 信息 [localhost-startStop-1] com.orangefunction.tomcat.redissessions.RedisSessionManager.initializeSerializer Attempting to use serializer :com.orangefunction.tomcat.redissessions.JavaSerializer
13-Oct-2018 16:22:07.643 信息 [localhost-startStop-1] com.orangefunction.tomcat.redissessions.RedisSessionManager.startInternal Will expire sessions after 1800 seconds
13-Oct-2018 16:22:07.662 信息 [localhost-startStop-1] org.apache.catalina.startup.HostConfig.deployDirectory Deployment of web application directory [C:\files\04.study\tomcat\node1\webapps\examples] has finished in [688] ms
13-Oct-2018 16:22:07.663 信息 [localhost-startStop-1] org.apache.catalina.startup.HostConfig.deployDirectory Deploying web application directory [C:\files\04.study\tomcat\node1\webapps\host-manager]
13-Oct-2018 16:22:07.841 信息 [localhost-startStop-1] org.apache.jasper.servlet.TldScanner.scanJars At least one JAR was scanned for TLDs yet contained no TLDs. Enable debug logging for this logger for a complete list of JARs that were scanned but no TLDs were found in them. Skipping unneeded JARs during scanning can improve startup time and JSP compilation time.
13-Oct-2018 16:22:07.849 信息 [localhost-startStop-1] org.apache.catalina.startup.HostConfig.deployDirectory Deployment of web application directory [C:\files\04.study\tomcat\node1\webapps\host-manager] has finished in [186] ms
13-Oct-2018 16:22:07.852 信息 [localhost-startStop-1] org.apache.catalina.startup.HostConfig.deployDirectory Deploying web application directory [C:\files\04.study\tomcat\node1\webapps\manager]
13-Oct-2018 16:22:07.998 信息 [localhost-startStop-1] org.apache.jasper.servlet.TldScanner.scanJars At least one JAR was scanned for TLDs yet contained no TLDs. Enable debug logging for this logger for a complete list of JARs that were scanned but no TLDs were found in them. Skipping unneeded JARs during scanning can improve startup time and JSP compilation time.
13-Oct-2018 16:22:08.006 信息 [localhost-startStop-1] org.apache.catalina.startup.HostConfig.deployDirectory Deployment of web application directory [C:\files\04.study\tomcat\node1\webapps\manager] has finished in [154] ms
13-Oct-2018 16:22:08.012 信息 [localhost-startStop-1] org.apache.catalina.startup.HostConfig.deployDirectory Deploying web application directory [C:\files\04.study\tomcat\node1\webapps\node1]
13-Oct-2018 16:22:08.147 警告 [localhost-startStop-1] org.apache.catalina.ha.tcp.SimpleTcpCluster.registerManager Manager [com.orangefunction.tomcat.redissessions.RedisSessionManager[/node1]] does not implement ClusterManager, addition to cluster has been aborted.
13-Oct-2018 16:22:08.156 信息 [localhost-startStop-1] org.apache.jasper.servlet.TldScanner.scanJars At least one JAR was scanned for TLDs yet contained no TLDs. Enable debug logging for this logger for a complete list of JARs that were scanned but no TLDs were found in them. Skipping unneeded JARs during scanning can improve startup time and JSP compilation time.
13-Oct-2018 16:22:08.160 信息 [localhost-startStop-1] com.orangefunction.tomcat.redissessions.RedisSessionManager.startInternal Attached to RedisSessionHandlerValve
13-Oct-2018 16:22:08.160 信息 [localhost-startStop-1] com.orangefunction.tomcat.redissessions.RedisSessionManager.initializeSerializer Attempting to use serializer :com.orangefunction.tomcat.redissessions.JavaSerializer
13-Oct-2018 16:22:08.161 信息 [localhost-startStop-1] com.orangefunction.tomcat.redissessions.RedisSessionManager.startInternal Will expire sessions after 1800 seconds
13-Oct-2018 16:22:08.176 信息 [localhost-startStop-1] org.apache.catalina.startup.HostConfig.deployDirectory Deployment of web application directory [C:\files\04.study\tomcat\node1\webapps\node1] has finished in [163] ms
13-Oct-2018 16:22:08.177 信息 [localhost-startStop-1] org.apache.catalina.startup.HostConfig.deployDirectory Deploying web application directory [C:\files\04.study\tomcat\node1\webapps\ROOT]
13-Oct-2018 16:22:08.287 信息 [localhost-startStop-1] org.apache.jasper.servlet.TldScanner.scanJars At least one JAR was scanned for TLDs yet contained no TLDs. Enable debug logging for this logger for a complete list of JARs that were scanned but no TLDs were found in them. Skipping unneeded JARs during scanning can improve startup time and JSP compilation time.
13-Oct-2018 16:22:08.289 信息 [localhost-startStop-1] com.orangefunction.tomcat.redissessions.RedisSessionManager.startInternal Attached to RedisSessionHandlerValve
13-Oct-2018 16:22:08.289 信息 [localhost-startStop-1] com.orangefunction.tomcat.redissessions.RedisSessionManager.initializeSerializer Attempting to use serializer :com.orangefunction.tomcat.redissessions.JavaSerializer
13-Oct-2018 16:22:08.290 信息 [localhost-startStop-1] com.orangefunction.tomcat.redissessions.RedisSessionManager.startInternal Will expire sessions after 1800 seconds
13-Oct-2018 16:22:08.297 信息 [localhost-startStop-1] org.apache.catalina.startup.HostConfig.deployDirectory Deployment of web application directory [C:\files\04.study\tomcat\node1\webapps\ROOT] has finished in [119] ms
13-Oct-2018 16:22:08.310 信息 [main] org.apache.catalina.ha.session.JvmRouteBinderValve.startInternal JvmRouteBinderValve started
13-Oct-2018 16:22:08.320 信息 [main] org.apache.coyote.AbstractProtocol.start Starting ProtocolHandler ["http-nio-8080"]
13-Oct-2018 16:22:08.340 信息 [main] org.apache.coyote.AbstractProtocol.start Starting ProtocolHandler ["ajp-nio-8009"]
13-Oct-2018 16:22:08.351 信息 [main] org.apache.catalina.startup.Catalina.start Server startup in 4670 ms
13-Oct-2018 16:26:16.765 信息 [Tribes-Task-Receiver[Catalina-Channel]-1] org.apache.catalina.tribes.io.BufferPool.getBufferPool Created a buffer pool with max size:[104857600] bytes of type: [org.apache.catalina.tribes.io.BufferPool15Impl]
13-Oct-2018 16:26:17.714 信息 [Membership-MemberAdded.] org.apache.catalina.ha.tcp.SimpleTcpCluster.memberAdded Replication member added:[org.apache.catalina.tribes.membership.MemberImpl[tcp://{192, 168, 137, 1}:4001,{192, 168, 137, 1},4001, alive=1017, securePort=-1, UDP Port=-1, id={127 -35 61 114 -32 51 77 -53 -103 69 104 75 -35 60 32 60 }, payload={}, command={}, domain={}, ]]
