13-Oct-2018 16:11:23.485 信息 [localhost-startStop-1] org.apache.catalina.core.ApplicationContext.log ContextListener: contextInitialized()
13-Oct-2018 16:11:23.486 信息 [localhost-startStop-1] org.apache.catalina.core.ApplicationContext.log SessionListener: contextInitialized()
13-Oct-2018 16:11:39.305 严重 [http-nio-8080-exec-1] org.apache.catalina.core.StandardHostValve.invoke Exception Processing /node1/index.jsp
 redis.clients.jedis.exceptions.JedisConnectionException: java.net.SocketTimeoutException: Read timed out
	at redis.clients.jedis.Protocol.process(Protocol.java:144)
	at redis.clients.jedis.Protocol.read(Protocol.java:200)
	at redis.clients.jedis.Connection.readProtocolWithCheckingBroken(Connection.java:285)
	at redis.clients.jedis.Connection.getBinaryBulkReply(Connection.java:204)
	at redis.clients.jedis.BinaryJedis.get(BinaryJedis.java:120)
	at com.orangefunction.tomcat.redissessions.RedisSessionManager.loadSessionDataFromRedis(RedisSessionManager.java:508)
	at com.orangefunction.tomcat.redissessions.RedisSessionManager.findSession(RedisSessionManager.java:437)
	at org.apache.catalina.connector.Request.doGetSession(Request.java:2977)
	at org.apache.catalina.connector.Request.getSessionInternal(Request.java:2695)
	at org.apache.catalina.authenticator.AuthenticatorBase.invoke(AuthenticatorBase.java:467)
	at com.orangefunction.tomcat.redissessions.RedisSessionHandlerValve.invoke(RedisSessionHandlerValve.java:26)
	at org.apache.catalina.core.StandardHostValve.invoke(StandardHostValve.java:140)
	at org.apache.catalina.valves.ErrorReportValve.invoke(ErrorReportValve.java:81)
	at org.apache.catalina.valves.AbstractAccessLogValve.invoke(AbstractAccessLogValve.java:650)
	at org.apache.catalina.core.StandardEngineValve.invoke(StandardEngineValve.java:87)
	at org.apache.catalina.ha.tcp.ReplicationValve.invoke(ReplicationValve.java:322)
	at org.apache.catalina.ha.session.JvmRouteBinderValve.invoke(JvmRouteBinderValve.java:193)
	at org.apache.catalina.connector.CoyoteAdapter.service(CoyoteAdapter.java:342)
	at org.apache.coyote.http11.Http11Processor.service(Http11Processor.java:803)
	at org.apache.coyote.AbstractProcessorLight.process(AbstractProcessorLight.java:66)
	at org.apache.coyote.AbstractProtocol$ConnectionHandler.process(AbstractProtocol.java:790)
	at org.apache.tomcat.util.net.NioEndpoint$SocketProcessor.doRun(NioEndpoint.java:1459)
	at org.apache.tomcat.util.net.SocketProcessorBase.run(SocketProcessorBase.java:49)
	at java.util.concurrent.ThreadPoolExecutor.runWorker(ThreadPoolExecutor.java:1142)
	at java.util.concurrent.ThreadPoolExecutor$Worker.run(ThreadPoolExecutor.java:617)
	at org.apache.tomcat.util.threads.TaskThread$WrappingRunnable.run(TaskThread.java:61)
	at java.lang.Thread.run(Thread.java:745)
Caused by: java.net.SocketTimeoutException: Read timed out
	at java.net.SocketInputStream.socketRead0(Native Method)
	at java.net.SocketInputStream.socketRead(SocketInputStream.java:116)
	at java.net.SocketInputStream.read(SocketInputStream.java:170)
	at java.net.SocketInputStream.read(SocketInputStream.java:141)
	at java.net.SocketInputStream.read(SocketInputStream.java:127)
	at redis.clients.util.RedisInputStream.fill(RedisInputStream.java:109)
	at redis.clients.util.RedisInputStream.readByte(RedisInputStream.java:45)
	at redis.clients.jedis.Protocol.process(Protocol.java:129)
	... 26 more

13-Oct-2018 16:11:48.141 严重 [http-nio-8080-exec-3] org.apache.catalina.core.StandardHostValve.invoke Exception Processing /node1/index.jsp
 redis.clients.jedis.exceptions.JedisConnectionException: java.net.SocketTimeoutException: Read timed out
	at redis.clients.jedis.Protocol.process(Protocol.java:144)
	at redis.clients.jedis.Protocol.read(Protocol.java:200)
	at redis.clients.jedis.Connection.readProtocolWithCheckingBroken(Connection.java:285)
	at redis.clients.jedis.Connection.getBinaryBulkReply(Connection.java:204)
	at redis.clients.jedis.BinaryJedis.get(BinaryJedis.java:120)
	at com.orangefunction.tomcat.redissessions.RedisSessionManager.loadSessionDataFromRedis(RedisSessionManager.java:508)
	at com.orangefunction.tomcat.redissessions.RedisSessionManager.findSession(RedisSessionManager.java:437)
	at org.apache.catalina.connector.Request.doGetSession(Request.java:2977)
	at org.apache.catalina.connector.Request.getSessionInternal(Request.java:2695)
	at org.apache.catalina.authenticator.AuthenticatorBase.invoke(AuthenticatorBase.java:467)
	at com.orangefunction.tomcat.redissessions.RedisSessionHandlerValve.invoke(RedisSessionHandlerValve.java:26)
	at org.apache.catalina.core.StandardHostValve.invoke(StandardHostValve.java:140)
	at org.apache.catalina.valves.ErrorReportValve.invoke(ErrorReportValve.java:81)
	at org.apache.catalina.valves.AbstractAccessLogValve.invoke(AbstractAccessLogValve.java:650)
	at org.apache.catalina.core.StandardEngineValve.invoke(StandardEngineValve.java:87)
	at org.apache.catalina.ha.tcp.ReplicationValve.invoke(ReplicationValve.java:322)
	at org.apache.catalina.ha.session.JvmRouteBinderValve.invoke(JvmRouteBinderValve.java:193)
	at org.apache.catalina.connector.CoyoteAdapter.service(CoyoteAdapter.java:342)
	at org.apache.coyote.http11.Http11Processor.service(Http11Processor.java:803)
	at org.apache.coyote.AbstractProcessorLight.process(AbstractProcessorLight.java:66)
	at org.apache.coyote.AbstractProtocol$ConnectionHandler.process(AbstractProtocol.java:790)
	at org.apache.tomcat.util.net.NioEndpoint$SocketProcessor.doRun(NioEndpoint.java:1459)
	at org.apache.tomcat.util.net.SocketProcessorBase.run(SocketProcessorBase.java:49)
	at java.util.concurrent.ThreadPoolExecutor.runWorker(ThreadPoolExecutor.java:1142)
	at java.util.concurrent.ThreadPoolExecutor$Worker.run(ThreadPoolExecutor.java:617)
	at org.apache.tomcat.util.threads.TaskThread$WrappingRunnable.run(TaskThread.java:61)
	at java.lang.Thread.run(Thread.java:745)
Caused by: java.net.SocketTimeoutException: Read timed out
	at java.net.SocketInputStream.socketRead0(Native Method)
	at java.net.SocketInputStream.socketRead(SocketInputStream.java:116)
	at java.net.SocketInputStream.read(SocketInputStream.java:170)
	at java.net.SocketInputStream.read(SocketInputStream.java:141)
	at java.net.SocketInputStream.read(SocketInputStream.java:127)
	at redis.clients.util.RedisInputStream.fill(RedisInputStream.java:109)
	at redis.clients.util.RedisInputStream.readByte(RedisInputStream.java:45)
	at redis.clients.jedis.Protocol.process(Protocol.java:129)
	... 26 more

13-Oct-2018 16:12:07.417 严重 [http-nio-8080-exec-7] org.apache.catalina.core.StandardHostValve.invoke Exception Processing /node1/index.jsp
 redis.clients.jedis.exceptions.JedisConnectionException: java.net.SocketTimeoutException: Read timed out
	at redis.clients.jedis.Protocol.process(Protocol.java:144)
	at redis.clients.jedis.Protocol.read(Protocol.java:200)
	at redis.clients.jedis.Connection.readProtocolWithCheckingBroken(Connection.java:285)
	at redis.clients.jedis.Connection.getBinaryBulkReply(Connection.java:204)
	at redis.clients.jedis.BinaryJedis.get(BinaryJedis.java:120)
	at com.orangefunction.tomcat.redissessions.RedisSessionManager.loadSessionDataFromRedis(RedisSessionManager.java:508)
	at com.orangefunction.tomcat.redissessions.RedisSessionManager.findSession(RedisSessionManager.java:437)
	at org.apache.catalina.connector.Request.doGetSession(Request.java:2977)
	at org.apache.catalina.connector.Request.getSessionInternal(Request.java:2695)
	at org.apache.catalina.authenticator.AuthenticatorBase.invoke(AuthenticatorBase.java:467)
	at com.orangefunction.tomcat.redissessions.RedisSessionHandlerValve.invoke(RedisSessionHandlerValve.java:26)
	at org.apache.catalina.core.StandardHostValve.invoke(StandardHostValve.java:140)
	at org.apache.catalina.valves.ErrorReportValve.invoke(ErrorReportValve.java:81)
	at org.apache.catalina.valves.AbstractAccessLogValve.invoke(AbstractAccessLogValve.java:650)
	at org.apache.catalina.core.StandardEngineValve.invoke(StandardEngineValve.java:87)
	at org.apache.catalina.ha.tcp.ReplicationValve.invoke(ReplicationValve.java:322)
	at org.apache.catalina.ha.session.JvmRouteBinderValve.invoke(JvmRouteBinderValve.java:193)
	at org.apache.catalina.connector.CoyoteAdapter.service(CoyoteAdapter.java:342)
	at org.apache.coyote.http11.Http11Processor.service(Http11Processor.java:803)
	at org.apache.coyote.AbstractProcessorLight.process(AbstractProcessorLight.java:66)
	at org.apache.coyote.AbstractProtocol$ConnectionHandler.process(AbstractProtocol.java:790)
	at org.apache.tomcat.util.net.NioEndpoint$SocketProcessor.doRun(NioEndpoint.java:1459)
	at org.apache.tomcat.util.net.SocketProcessorBase.run(SocketProcessorBase.java:49)
	at java.util.concurrent.ThreadPoolExecutor.runWorker(ThreadPoolExecutor.java:1142)
	at java.util.concurrent.ThreadPoolExecutor$Worker.run(ThreadPoolExecutor.java:617)
	at org.apache.tomcat.util.threads.TaskThread$WrappingRunnable.run(TaskThread.java:61)
	at java.lang.Thread.run(Thread.java:745)
Caused by: java.net.SocketTimeoutException: Read timed out
	at java.net.SocketInputStream.socketRead0(Native Method)
	at java.net.SocketInputStream.socketRead(SocketInputStream.java:116)
	at java.net.SocketInputStream.read(SocketInputStream.java:170)
	at java.net.SocketInputStream.read(SocketInputStream.java:141)
	at java.net.SocketInputStream.read(SocketInputStream.java:127)
	at redis.clients.util.RedisInputStream.fill(RedisInputStream.java:109)
	at redis.clients.util.RedisInputStream.readByte(RedisInputStream.java:45)
	at redis.clients.jedis.Protocol.process(Protocol.java:129)
	... 26 more

13-Oct-2018 16:12:34.195 信息 [ContainerBackgroundProcessor[StandardEngine[Catalina]]] org.apache.catalina.core.ApplicationContext.log SessionListener: contextDestroyed()
13-Oct-2018 16:12:34.195 信息 [ContainerBackgroundProcessor[StandardEngine[Catalina]]] org.apache.catalina.core.ApplicationContext.log ContextListener: contextDestroyed()
13-Oct-2018 16:12:34.844 信息 [localhost-startStop-2] org.apache.catalina.core.ApplicationContext.log ContextListener: contextInitialized()
13-Oct-2018 16:12:34.844 信息 [localhost-startStop-2] org.apache.catalina.core.ApplicationContext.log SessionListener: contextInitialized()
13-Oct-2018 16:15:48.145 信息 [localhost-startStop-1] org.apache.catalina.core.ApplicationContext.log ContextListener: contextInitialized()
13-Oct-2018 16:15:48.145 信息 [localhost-startStop-1] org.apache.catalina.core.ApplicationContext.log SessionListener: contextInitialized()
13-Oct-2018 16:18:59.550 严重 [http-nio-8080-exec-2] org.apache.catalina.core.StandardHostValve.invoke Exception Processing /node1/index.jsp
 redis.clients.jedis.exceptions.JedisConnectionException: java.net.SocketTimeoutException: Read timed out
	at redis.clients.jedis.Protocol.process(Protocol.java:144)
	at redis.clients.jedis.Protocol.read(Protocol.java:200)
	at redis.clients.jedis.Connection.readProtocolWithCheckingBroken(Connection.java:285)
	at redis.clients.jedis.Connection.getBinaryBulkReply(Connection.java:204)
	at redis.clients.jedis.BinaryJedis.get(BinaryJedis.java:120)
	at com.orangefunction.tomcat.redissessions.RedisSessionManager.loadSessionDataFromRedis(RedisSessionManager.java:508)
	at com.orangefunction.tomcat.redissessions.RedisSessionManager.findSession(RedisSessionManager.java:437)
	at org.apache.catalina.connector.Request.doGetSession(Request.java:2977)
	at org.apache.catalina.connector.Request.getSessionInternal(Request.java:2695)
	at org.apache.catalina.authenticator.AuthenticatorBase.invoke(AuthenticatorBase.java:467)
	at com.orangefunction.tomcat.redissessions.RedisSessionHandlerValve.invoke(RedisSessionHandlerValve.java:26)
	at org.apache.catalina.core.StandardHostValve.invoke(StandardHostValve.java:140)
	at org.apache.catalina.valves.ErrorReportValve.invoke(ErrorReportValve.java:81)
	at org.apache.catalina.valves.AbstractAccessLogValve.invoke(AbstractAccessLogValve.java:650)
	at org.apache.catalina.core.StandardEngineValve.invoke(StandardEngineValve.java:87)
	at org.apache.catalina.ha.tcp.ReplicationValve.invoke(ReplicationValve.java:322)
	at org.apache.catalina.ha.session.JvmRouteBinderValve.invoke(JvmRouteBinderValve.java:193)
	at org.apache.catalina.connector.CoyoteAdapter.service(CoyoteAdapter.java:342)
	at org.apache.coyote.http11.Http11Processor.service(Http11Processor.java:803)
	at org.apache.coyote.AbstractProcessorLight.process(AbstractProcessorLight.java:66)
	at org.apache.coyote.AbstractProtocol$ConnectionHandler.process(AbstractProtocol.java:790)
	at org.apache.tomcat.util.net.NioEndpoint$SocketProcessor.doRun(NioEndpoint.java:1459)
	at org.apache.tomcat.util.net.SocketProcessorBase.run(SocketProcessorBase.java:49)
	at java.util.concurrent.ThreadPoolExecutor.runWorker(ThreadPoolExecutor.java:1142)
	at java.util.concurrent.ThreadPoolExecutor$Worker.run(ThreadPoolExecutor.java:617)
	at org.apache.tomcat.util.threads.TaskThread$WrappingRunnable.run(TaskThread.java:61)
	at java.lang.Thread.run(Thread.java:745)
Caused by: java.net.SocketTimeoutException: Read timed out
	at java.net.SocketInputStream.socketRead0(Native Method)
	at java.net.SocketInputStream.socketRead(SocketInputStream.java:116)
	at java.net.SocketInputStream.read(SocketInputStream.java:170)
	at java.net.SocketInputStream.read(SocketInputStream.java:141)
	at java.net.SocketInputStream.read(SocketInputStream.java:127)
	at redis.clients.util.RedisInputStream.fill(RedisInputStream.java:109)
	at redis.clients.util.RedisInputStream.readByte(RedisInputStream.java:45)
	at redis.clients.jedis.Protocol.process(Protocol.java:129)
	... 26 more

13-Oct-2018 16:19:07.045 严重 [http-nio-8080-exec-4] org.apache.catalina.core.StandardHostValve.invoke Exception Processing /node1/index.jsp
 redis.clients.jedis.exceptions.JedisConnectionException: java.net.SocketTimeoutException: Read timed out
	at redis.clients.jedis.Protocol.process(Protocol.java:144)
	at redis.clients.jedis.Protocol.read(Protocol.java:200)
	at redis.clients.jedis.Connection.readProtocolWithCheckingBroken(Connection.java:285)
	at redis.clients.jedis.Connection.getBinaryBulkReply(Connection.java:204)
	at redis.clients.jedis.BinaryJedis.get(BinaryJedis.java:120)
	at com.orangefunction.tomcat.redissessions.RedisSessionManager.loadSessionDataFromRedis(RedisSessionManager.java:508)
	at com.orangefunction.tomcat.redissessions.RedisSessionManager.findSession(RedisSessionManager.java:437)
	at org.apache.catalina.connector.Request.doGetSession(Request.java:2977)
	at org.apache.catalina.connector.Request.getSessionInternal(Request.java:2695)
	at org.apache.catalina.authenticator.AuthenticatorBase.invoke(AuthenticatorBase.java:467)
	at com.orangefunction.tomcat.redissessions.RedisSessionHandlerValve.invoke(RedisSessionHandlerValve.java:26)
	at org.apache.catalina.core.StandardHostValve.invoke(StandardHostValve.java:140)
	at org.apache.catalina.valves.ErrorReportValve.invoke(ErrorReportValve.java:81)
	at org.apache.catalina.valves.AbstractAccessLogValve.invoke(AbstractAccessLogValve.java:650)
	at org.apache.catalina.core.StandardEngineValve.invoke(StandardEngineValve.java:87)
	at org.apache.catalina.ha.tcp.ReplicationValve.invoke(ReplicationValve.java:322)
	at org.apache.catalina.ha.session.JvmRouteBinderValve.invoke(JvmRouteBinderValve.java:193)
	at org.apache.catalina.connector.CoyoteAdapter.service(CoyoteAdapter.java:342)
	at org.apache.coyote.http11.Http11Processor.service(Http11Processor.java:803)
	at org.apache.coyote.AbstractProcessorLight.process(AbstractProcessorLight.java:66)
	at org.apache.coyote.AbstractProtocol$ConnectionHandler.process(AbstractProtocol.java:790)
	at org.apache.tomcat.util.net.NioEndpoint$SocketProcessor.doRun(NioEndpoint.java:1459)
	at org.apache.tomcat.util.net.SocketProcessorBase.run(SocketProcessorBase.java:49)
	at java.util.concurrent.ThreadPoolExecutor.runWorker(ThreadPoolExecutor.java:1142)
	at java.util.concurrent.ThreadPoolExecutor$Worker.run(ThreadPoolExecutor.java:617)
	at org.apache.tomcat.util.threads.TaskThread$WrappingRunnable.run(TaskThread.java:61)
	at java.lang.Thread.run(Thread.java:745)
Caused by: java.net.SocketTimeoutException: Read timed out
	at java.net.SocketInputStream.socketRead0(Native Method)
	at java.net.SocketInputStream.socketRead(SocketInputStream.java:116)
	at java.net.SocketInputStream.read(SocketInputStream.java:170)
	at java.net.SocketInputStream.read(SocketInputStream.java:141)
	at java.net.SocketInputStream.read(SocketInputStream.java:127)
	at redis.clients.util.RedisInputStream.fill(RedisInputStream.java:109)
	at redis.clients.util.RedisInputStream.readByte(RedisInputStream.java:45)
	at redis.clients.jedis.Protocol.process(Protocol.java:129)
	... 26 more

13-Oct-2018 16:20:12.583 信息 [localhost-startStop-1] org.apache.catalina.core.ApplicationContext.log ContextListener: contextInitialized()
13-Oct-2018 16:20:12.584 信息 [localhost-startStop-1] org.apache.catalina.core.ApplicationContext.log SessionListener: contextInitialized()
13-Oct-2018 16:21:21.842 严重 [http-nio-8080-exec-1] org.apache.catalina.core.StandardHostValve.invoke Exception Processing /node1/index.jsp
 redis.clients.jedis.exceptions.JedisConnectionException: java.net.SocketTimeoutException: Read timed out
	at redis.clients.jedis.Protocol.process(Protocol.java:144)
	at redis.clients.jedis.Protocol.read(Protocol.java:200)
	at redis.clients.jedis.Connection.readProtocolWithCheckingBroken(Connection.java:285)
	at redis.clients.jedis.Connection.getBinaryBulkReply(Connection.java:204)
	at redis.clients.jedis.BinaryJedis.get(BinaryJedis.java:120)
	at com.orangefunction.tomcat.redissessions.RedisSessionManager.loadSessionDataFromRedis(RedisSessionManager.java:508)
	at com.orangefunction.tomcat.redissessions.RedisSessionManager.findSession(RedisSessionManager.java:437)
	at org.apache.catalina.connector.Request.doGetSession(Request.java:2977)
	at org.apache.catalina.connector.Request.getSessionInternal(Request.java:2695)
	at org.apache.catalina.authenticator.AuthenticatorBase.invoke(AuthenticatorBase.java:467)
	at com.orangefunction.tomcat.redissessions.RedisSessionHandlerValve.invoke(RedisSessionHandlerValve.java:26)
	at org.apache.catalina.core.StandardHostValve.invoke(StandardHostValve.java:140)
	at org.apache.catalina.valves.ErrorReportValve.invoke(ErrorReportValve.java:81)
	at org.apache.catalina.valves.AbstractAccessLogValve.invoke(AbstractAccessLogValve.java:650)
	at org.apache.catalina.core.StandardEngineValve.invoke(StandardEngineValve.java:87)
	at org.apache.catalina.ha.tcp.ReplicationValve.invoke(ReplicationValve.java:322)
	at org.apache.catalina.ha.session.JvmRouteBinderValve.invoke(JvmRouteBinderValve.java:193)
	at org.apache.catalina.connector.CoyoteAdapter.service(CoyoteAdapter.java:342)
	at org.apache.coyote.http11.Http11Processor.service(Http11Processor.java:803)
	at org.apache.coyote.AbstractProcessorLight.process(AbstractProcessorLight.java:66)
	at org.apache.coyote.AbstractProtocol$ConnectionHandler.process(AbstractProtocol.java:790)
	at org.apache.tomcat.util.net.NioEndpoint$SocketProcessor.doRun(NioEndpoint.java:1459)
	at org.apache.tomcat.util.net.SocketProcessorBase.run(SocketProcessorBase.java:49)
	at java.util.concurrent.ThreadPoolExecutor.runWorker(ThreadPoolExecutor.java:1142)
	at java.util.concurrent.ThreadPoolExecutor$Worker.run(ThreadPoolExecutor.java:617)
	at org.apache.tomcat.util.threads.TaskThread$WrappingRunnable.run(TaskThread.java:61)
	at java.lang.Thread.run(Thread.java:745)
Caused by: java.net.SocketTimeoutException: Read timed out
	at java.net.SocketInputStream.socketRead0(Native Method)
	at java.net.SocketInputStream.socketRead(SocketInputStream.java:116)
	at java.net.SocketInputStream.read(SocketInputStream.java:170)
	at java.net.SocketInputStream.read(SocketInputStream.java:141)
	at java.net.SocketInputStream.read(SocketInputStream.java:127)
	at redis.clients.util.RedisInputStream.fill(RedisInputStream.java:109)
	at redis.clients.util.RedisInputStream.readByte(RedisInputStream.java:45)
	at redis.clients.jedis.Protocol.process(Protocol.java:129)
	... 26 more

13-Oct-2018 16:22:07.641 信息 [localhost-startStop-1] org.apache.catalina.core.ApplicationContext.log ContextListener: contextInitialized()
13-Oct-2018 16:22:07.641 信息 [localhost-startStop-1] org.apache.catalina.core.ApplicationContext.log SessionListener: contextInitialized()
